# Logfile created on Mon Jun 30 12:50:54 EDT 2008  [4;36;1mSQL (0.022959)[0m   [0;1mSET SQL_AUTO_IS_NULL=0[0m
  [4;35;1mSite Columns (0.103720)[0m   [0mSHOW FIELDS FROM `sites`[0m
  [4;36;1mSite Load (0.050700)[0m   [0;1mSELECT * FROM `sites` WHERE (`sites`.`id` = '1') LIMIT 1[0m
  [4;35;1mSite Load (0.000379)[0m   [0mSELECT * FROM `sites` WHERE (`sites`.`id` = '2') LIMIT 1[0m
  [4;36;1mSQL (0.000169)[0m   [0;1mSET SQL_AUTO_IS_NULL=0[0m
  [4;35;1mSite Columns (0.215644)[0m   [0mSHOW FIELDS FROM `sites`[0m
  [4;36;1mSite Load (0.030316)[0m   [0;1mSELECT * FROM `sites` WHERE (`sites`.`id` = '1') LIMIT 1[0m
  [4;35;1mSite Load (0.000505)[0m   [0mSELECT * FROM `sites` WHERE (`sites`.`id` = '2') LIMIT 1[0m
  [4;36;1mSQL (0.000132)[0m   [0;1mSET SQL_AUTO_IS_NULL=0[0m
  [4;35;1mSite Columns (0.002517)[0m   [0mSHOW FIELDS FROM `sites`[0m
  [4;36;1mSite Load (0.000366)[0m   [0;1mSELECT * FROM `sites` WHERE (`sites`.`id` = '1') LIMIT 1[0m
  [4;35;1mSite Load (0.000237)[0m   [0mSELECT * FROM `sites` WHERE (`sites`.`id` = '2') LIMIT 1[0m
  [4;36;1mSQL (0.000144)[0m   [0;1mSET SQL_AUTO_IS_NULL=0[0m
  [4;35;1mSite Columns (0.002570)[0m   [0mSHOW FIELDS FROM `sites`[0m
  [4;36;1mSite Load (0.000369)[0m   [0;1mSELECT * FROM `sites` WHERE (`sites`.`id` = '1') LIMIT 1[0m
  [4;35;1mSite Load (0.000243)[0m   [0mSELECT * FROM `sites` WHERE (`sites`.`id` = '2') LIMIT 1[0m
  [4;36;1mSQL (0.000132)[0m   [0;1mSET SQL_AUTO_IS_NULL=0[0m
  [4;35;1mSite Columns (0.002212)[0m   [0mSHOW FIELDS FROM `sites`[0m
  [4;36;1mSite Load (0.000609)[0m   [0;1mSELECT * FROM `sites` WHERE (`sites`.`id` = '1') LIMIT 1[0m
  [4;35;1mSite Load (0.000201)[0m   [0mSELECT * FROM `sites` WHERE (`sites`.`id` = '2') LIMIT 1[0m
  [4;36;1mSQL (0.000129)[0m   [0;1mSET SQL_AUTO_IS_NULL=0[0m
  [4;35;1mSite Columns (0.002538)[0m   [0mSHOW FIELDS FROM `sites`[0m
  [4;36;1mSite Load (0.000365)[0m   [0;1mSELECT * FROM `sites` WHERE (`sites`.`id` = '1') LIMIT 1[0m
  [4;35;1mSite Load (0.000239)[0m   [0mSELECT * FROM `sites` WHERE (`sites`.`id` = '2') LIMIT 1[0m
  [4;36;1mCmodule Load (0.414625)[0m   [0;1mSELECT * FROM `cmodules` WHERE (cmodules.site_id = 1) [0m
  [4;35;1mCmodule Columns (0.001792)[0m   [0mSHOW FIELDS FROM `cmodules`[0m
  [4;36;1mCmodule Load (0.000408)[0m   [0;1mSELECT * FROM `cmodules` WHERE (cmodules.site_id = 2) [0m
  [4;36;1mSQL (0.000272)[0m   [0;1mSET SQL_AUTO_IS_NULL=0[0m
  [4;35;1mSite Columns (0.002887)[0m   [0mSHOW FIELDS FROM `sites`[0m
  [4;36;1mSite Load (0.002817)[0m   [0;1mSELECT * FROM `sites` WHERE (`sites`.`id` = '1') LIMIT 1[0m
  [4;35;1mSite Load (0.000338)[0m   [0mSELECT * FROM `sites` WHERE (`sites`.`id` = '2') LIMIT 1[0m
  [4;36;1mCmodule Load (0.000793)[0m   [0;1mSELECT * FROM `cmodules` WHERE (cmodules.site_id = 1) [0m
  [4;35;1mCmodule Columns (0.001980)[0m   [0mSHOW FIELDS FROM `cmodules`[0m
  [4;36;1mCattribute Load (1.021992)[0m   [0;1mSELECT * FROM `cattributes` WHERE (cattributes.site_id = 1) [0m
  [4;35;1mCattribute Columns (0.002254)[0m   [0mSHOW FIELDS FROM `cattributes`[0m
  [4;36;1mCmodule Load (0.000386)[0m   [0;1mSELECT * FROM `cmodules` WHERE (cmodules.site_id = 2) [0m
  [4;35;1mCattribute Load (0.000344)[0m   [0mSELECT * FROM `cattributes` WHERE (cattributes.site_id = 2) [0m
  [4;36;1mSQL (0.000131)[0m   [0;1mSET SQL_AUTO_IS_NULL=0[0m
  [4;35;1mSite Columns (0.002073)[0m   [0mSHOW FIELDS FROM `sites`[0m
  [4;36;1mSite Load (0.000417)[0m   [0;1mSELECT * FROM `sites` WHERE (`sites`.`id` = '1') LIMIT 1[0m
  [4;35;1mSite Load (0.000254)[0m   [0mSELECT * FROM `sites` WHERE (`sites`.`id` = '2') LIMIT 1[0m
  [4;36;1mCmodule Load (0.000990)[0m   [0;1mSELECT * FROM `cmodules` WHERE (cmodules.site_id = 1) [0m
  [4;35;1mCmodule Columns (0.001961)[0m   [0mSHOW FIELDS FROM `cmodules`[0m
  [4;36;1mCattribute Load (0.000693)[0m   [0;1mSELECT * FROM `cattributes` WHERE (cattributes.cmodule_id = 1) [0m
  [4;35;1mCattribute Columns (0.002475)[0m   [0mSHOW FIELDS FROM `cattributes`[0m
  [4;36;1mCattribute Load (0.001107)[0m   [0;1mSELECT * FROM `cattributes` WHERE (cattributes.cmodule_id = 2) [0m
  [4;35;1mCattribute Load (0.000385)[0m   [0mSELECT * FROM `cattributes` WHERE (cattributes.cmodule_id = 3) [0m
  [4;36;1mCattribute Load (0.000333)[0m   [0;1mSELECT * FROM `cattributes` WHERE (cattributes.cmodule_id = 4) [0m
  [4;35;1mCattribute Load (0.000373)[0m   [0mSELECT * FROM `cattributes` WHERE (cattributes.cmodule_id = 5) [0m
  [4;36;1mCattribute Load (0.000335)[0m   [0;1mSELECT * FROM `cattributes` WHERE (cattributes.cmodule_id = 6) [0m
  [4;35;1mCattribute Load (0.000388)[0m   [0mSELECT * FROM `cattributes` WHERE (cattributes.cmodule_id = 7) [0m
  [4;36;1mCattribute Load (0.000337)[0m   [0;1mSELECT * FROM `cattributes` WHERE (cattributes.cmodule_id = 8) [0m
  [4;35;1mCattribute Load (0.000323)[0m   [0mSELECT * FROM `cattributes` WHERE (cattributes.cmodule_id = 9) [0m
  [4;36;1mCattribute Load (0.000329)[0m   [0;1mSELECT * FROM `cattributes` WHERE (cattributes.cmodule_id = 10) [0m
  [4;35;1mCattribute Load (0.000348)[0m   [0mSELECT * FROM `cattributes` WHERE (cattributes.cmodule_id = 11) [0m
  [4;36;1mCattribute Load (0.000340)[0m   [0;1mSELECT * FROM `cattributes` WHERE (cattributes.cmodule_id = 12) [0m
  [4;35;1mCattribute Load (0.000376)[0m   [0mSELECT * FROM `cattributes` WHERE (cattributes.cmodule_id = 13) [0m
  [4;36;1mCattribute Load (0.000436)[0m   [0;1mSELECT * FROM `cattributes` WHERE (cattributes.cmodule_id = 14) [0m
  [4;35;1mCattribute Load (0.000400)[0m   [0mSELECT * FROM `cattributes` WHERE (cattributes.cmodule_id = 15) [0m
  [4;36;1mCattribute Load (0.000495)[0m   [0;1mSELECT * FROM `cattributes` WHERE (cattributes.cmodule_id = 16) [0m
  [4;35;1mCattribute Load (0.000452)[0m   [0mSELECT * FROM `cattributes` WHERE (cattributes.cmodule_id = 17) [0m
  [4;36;1mCattribute Load (0.000525)[0m   [0;1mSELECT * FROM `cattributes` WHERE (cattributes.cmodule_id = 18) [0m
  [4;35;1mCattribute Load (0.000504)[0m   [0mSELECT * FROM `cattributes` WHERE (cattributes.cmodule_id = 19) [0m
  [4;36;1mCattribute Load (0.006142)[0m   [0;1mSELECT * FROM `cattributes` WHERE (cattributes.cmodule_id = 20) [0m
  [4;35;1mCattribute Load (0.000325)[0m   [0mSELECT * FROM `cattributes` WHERE (cattributes.cmodule_id = 21) [0m
  [4;36;1mCattribute Load (0.000317)[0m   [0;1mSELECT * FROM `cattributes` WHERE (cattributes.cmodule_id = 22) [0m
  [4;35;1mCattribute Load (0.000658)[0m   [0mSELECT * FROM `cattributes` WHERE (cattributes.cmodule_id = 23) [0m
  [4;36;1mCattribute Load (0.001251)[0m   [0;1mSELECT * FROM `cattributes` WHERE (cattributes.cmodule_id = 24) [0m
  [4;35;1mCattribute Load (0.000336)[0m   [0mSELECT * FROM `cattributes` WHERE (cattributes.cmodule_id = 25) [0m
  [4;36;1mCattribute Load (0.000282)[0m   [0;1mSELECT * FROM `cattributes` WHERE (cattributes.cmodule_id = 26) [0m
  [4;35;1mCattribute Load (0.000341)[0m   [0mSELECT * FROM `cattributes` WHERE (cattributes.cmodule_id = 27) [0m
  [4;36;1mCattribute Load (0.000263)[0m   [0;1mSELECT * FROM `cattributes` WHERE (cattributes.cmodule_id = 28) [0m
  [4;35;1mCattribute Load (0.000264)[0m   [0mSELECT * FROM `cattributes` WHERE (cattributes.cmodule_id = 29) [0m
  [4;36;1mCattribute Load (0.000362)[0m   [0;1mSELECT * FROM `cattributes` WHERE (cattributes.cmodule_id = 30) [0m
  [4;35;1mCattribute Load (0.000599)[0m   [0mSELECT * FROM `cattributes` WHERE (cattributes.cmodule_id = 31) [0m
  [4;36;1mCattribute Load (0.000417)[0m   [0;1mSELECT * FROM `cattributes` WHERE (cattributes.cmodule_id = 32) [0m
  [4;35;1mCattribute Load (0.000263)[0m   [0mSELECT * FROM `cattributes` WHERE (cattributes.cmodule_id = 33) [0m
  [4;36;1mCattribute Load (0.000246)[0m   [0;1mSELECT * FROM `cattributes` WHERE (cattributes.cmodule_id = 34) [0m
  [4;35;1mCattribute Load (0.000252)[0m   [0mSELECT * FROM `cattributes` WHERE (cattributes.cmodule_id = 35) [0m
  [4;36;1mCattribute Load (0.000431)[0m   [0;1mSELECT * FROM `cattributes` WHERE (cattributes.cmodule_id = 36) [0m
  [4;35;1mCattribute Load (0.000343)[0m   [0mSELECT * FROM `cattributes` WHERE (cattributes.cmodule_id = 37) [0m
  [4;36;1mCattribute Load (0.000431)[0m   [0;1mSELECT * FROM `cattributes` WHERE (cattributes.cmodule_id = 38) [0m
  [4;35;1mCattribute Load (0.000375)[0m   [0mSELECT * FROM `cattributes` WHERE (cattributes.cmodule_id = 39) [0m
  [4;36;1mCattribute Load (0.000284)[0m   [0;1mSELECT * FROM `cattributes` WHERE (cattributes.cmodule_id = 40) [0m
  [4;35;1mCattribute Load (0.000506)[0m   [0mSELECT * FROM `cattributes` WHERE (cattributes.cmodule_id = 41) [0m
  [4;36;1mCattribute Load (0.000371)[0m   [0;1mSELECT * FROM `cattributes` WHERE (cattributes.cmodule_id = 42) [0m
  [4;35;1mCattribute Load (0.000334)[0m   [0mSELECT * FROM `cattributes` WHERE (cattributes.cmodule_id = 43) [0m
  [4;36;1mCattribute Load (0.000275)[0m   [0;1mSELECT * FROM `cattributes` WHERE (cattributes.cmodule_id = 44) [0m
  [4;35;1mCattribute Load (0.000280)[0m   [0mSELECT * FROM `cattributes` WHERE (cattributes.cmodule_id = 45) [0m
  [4;36;1mCattribute Load (0.000289)[0m   [0;1mSELECT * FROM `cattributes` WHERE (cattributes.cmodule_id = 46) [0m
  [4;35;1mCattribute Load (0.000315)[0m   [0mSELECT * FROM `cattributes` WHERE (cattributes.cmodule_id = 47) [0m
  [4;36;1mCattribute Load (0.000286)[0m   [0;1mSELECT * FROM `cattributes` WHERE (cattributes.cmodule_id = 48) [0m
  [4;35;1mCattribute Load (0.000275)[0m   [0mSELECT * FROM `cattributes` WHERE (cattributes.cmodule_id = 49) [0m
  [4;36;1mCattribute Load (0.000292)[0m   [0;1mSELECT * FROM `cattributes` WHERE (cattributes.cmodule_id = 50) [0m
  [4;35;1mCattribute Load (0.000248)[0m   [0mSELECT * FROM `cattributes` WHERE (cattributes.cmodule_id = 51) [0m
  [4;36;1mCattribute Load (0.000235)[0m   [0;1mSELECT * FROM `cattributes` WHERE (cattributes.cmodule_id = 52) [0m
  [4;35;1mCattribute Load (0.000676)[0m   [0mSELECT * FROM `cattributes` WHERE (cattributes.cmodule_id = 53) [0m
  [4;36;1mCattribute Load (0.001020)[0m   [0;1mSELECT * FROM `cattributes` WHERE (cattributes.cmodule_id = 54) [0m
  [4;35;1mCmodule Load (0.000457)[0m   [0mSELECT * FROM `cmodules` WHERE (cmodules.site_id = 2) [0m
  [4;36;1mSQL (0.000131)[0m   [0;1mSET SQL_AUTO_IS_NULL=0[0m
  [4;35;1mSite Columns (0.002529)[0m   [0mSHOW FIELDS FROM `sites`[0m
  [4;36;1mSite Load (0.000390)[0m   [0;1mSELECT * FROM `sites` WHERE (`sites`.`id` = '1') LIMIT 1[0m
  [4;35;1mSite Load (0.000243)[0m   [0mSELECT * FROM `sites` WHERE (`sites`.`id` = '2') LIMIT 1[0m
  [4;36;1mCmodule Load (0.000806)[0m   [0;1mSELECT * FROM `cmodules` WHERE (cmodules.site_id = 1) [0m
  [4;35;1mCmodule Columns (0.001840)[0m   [0mSHOW FIELDS FROM `cmodules`[0m
  [4;36;1mCattribute Load (0.000677)[0m   [0;1mSELECT * FROM `cattributes` WHERE (cattributes.cmodule_id = 1) [0m
  [4;35;1mCattribute Columns (0.001985)[0m   [0mSHOW FIELDS FROM `cattributes`[0m
  [4;36;1mCattribute Load (0.001085)[0m   [0;1mSELECT * FROM `cattributes` WHERE (cattributes.cmodule_id = 2) [0m
  [4;35;1mCattribute Load (0.000339)[0m   [0mSELECT * FROM `cattributes` WHERE (cattributes.cmodule_id = 3) [0m
  [4;36;1mCattribute Load (0.000307)[0m   [0;1mSELECT * FROM `cattributes` WHERE (cattributes.cmodule_id = 4) [0m
  [4;35;1mCattribute Load (0.000289)[0m   [0mSELECT * FROM `cattributes` WHERE (cattributes.cmodule_id = 5) [0m
  [4;36;1mCattribute Load (0.000291)[0m   [0;1mSELECT * FROM `cattributes` WHERE (cattributes.cmodule_id = 6) [0m
  [4;35;1mCattribute Load (0.000330)[0m   [0mSELECT * FROM `cattributes` WHERE (cattributes.cmodule_id = 7) [0m
  [4;36;1mCattribute Load (0.000299)[0m   [0;1mSELECT * FROM `cattributes` WHERE (cattributes.cmodule_id = 8) [0m
  [4;35;1mCattribute Load (0.000286)[0m   [0mSELECT * FROM `cattributes` WHERE (cattributes.cmodule_id = 9) [0m
  [4;36;1mCattribute Load (0.000293)[0m   [0;1mSELECT * FROM `cattributes` WHERE (cattributes.cmodule_id = 10) [0m
  [4;35;1mCattribute Load (0.000285)[0m   [0mSELECT * FROM `cattributes` WHERE (cattributes.cmodule_id = 11) [0m
  [4;36;1mCattribute Load (0.000381)[0m   [0;1mSELECT * FROM `cattributes` WHERE (cattributes.cmodule_id = 12) [0m
  [4;35;1mCattribute Load (0.000361)[0m   [0mSELECT * FROM `cattributes` WHERE (cattributes.cmodule_id = 13) [0m
  [4;36;1mCattribute Load (0.000420)[0m   [0;1mSELECT * FROM `cattributes` WHERE (cattributes.cmodule_id = 14) [0m
  [4;35;1mCattribute Load (0.000291)[0m   [0mSELECT * FROM `cattributes` WHERE (cattributes.cmodule_id = 15) [0m
  [4;36;1mCattribute Load (0.000382)[0m   [0;1mSELECT * FROM `cattributes` WHERE (cattributes.cmodule_id = 16) [0m
  [4;35;1mCattribute Load (0.000302)[0m   [0mSELECT * FROM `cattributes` WHERE (cattributes.cmodule_id = 17) [0m
  [4;36;1mCattribute Load (0.000338)[0m   [0;1mSELECT * FROM `cattributes` WHERE (cattributes.cmodule_id = 18) [0m
  [4;35;1mCattribute Load (0.000342)[0m   [0mSELECT * FROM `cattributes` WHERE (cattributes.cmodule_id = 19) [0m
  [4;36;1mCattribute Load (0.000299)[0m   [0;1mSELECT * FROM `cattributes` WHERE (cattributes.cmodule_id = 20) [0m
  [4;35;1mCattribute Load (0.000361)[0m   [0mSELECT * FROM `cattributes` WHERE (cattributes.cmodule_id = 21) [0m
  [4;36;1mCattribute Load (0.000316)[0m   [0;1mSELECT * FROM `cattributes` WHERE (cattributes.cmodule_id = 22) [0m
  [4;35;1mCattribute Load (0.000345)[0m   [0mSELECT * FROM `cattributes` WHERE (cattributes.cmodule_id = 23) [0m
  [4;36;1mCattribute Load (0.000446)[0m   [0;1mSELECT * FROM `cattributes` WHERE (cattributes.cmodule_id = 24) [0m
  [4;35;1mCattribute Load (0.000354)[0m   [0mSELECT * FROM `cattributes` WHERE (cattributes.cmodule_id = 25) [0m
  [4;36;1mCattribute Load (0.000296)[0m   [0;1mSELECT * FROM `cattributes` WHERE (cattributes.cmodule_id = 26) [0m
  [4;35;1mCattribute Load (0.000303)[0m   [0mSELECT * FROM `cattributes` WHERE (cattributes.cmodule_id = 27) [0m
  [4;36;1mCattribute Load (0.000299)[0m   [0;1mSELECT * FROM `cattributes` WHERE (cattributes.cmodule_id = 28) [0m
  [4;35;1mCattribute Load (0.000310)[0m   [0mSELECT * FROM `cattributes` WHERE (cattributes.cmodule_id = 29) [0m
  [4;36;1mCattribute Load (0.000452)[0m   [0;1mSELECT * FROM `cattributes` WHERE (cattributes.cmodule_id = 30) [0m
  [4;35;1mCattribute Load (0.000447)[0m   [0mSELECT * FROM `cattributes` WHERE (cattributes.cmodule_id = 31) [0m
  [4;36;1mCattribute Load (0.000416)[0m   [0;1mSELECT * FROM `cattributes` WHERE (cattributes.cmodule_id = 32) [0m
  [4;35;1mCattribute Load (0.000342)[0m   [0mSELECT * FROM `cattributes` WHERE (cattributes.cmodule_id = 33) [0m
  [4;36;1mCattribute Load (0.000293)[0m   [0;1mSELECT * FROM `cattributes` WHERE (cattributes.cmodule_id = 34) [0m
  [4;35;1mCattribute Load (0.000297)[0m   [0mSELECT * FROM `cattributes` WHERE (cattributes.cmodule_id = 35) [0m
  [4;36;1mCattribute Load (0.000310)[0m   [0;1mSELECT * FROM `cattributes` WHERE (cattributes.cmodule_id = 36) [0m
  [4;35;1mCattribute Load (0.000369)[0m   [0mSELECT * FROM `cattributes` WHERE (cattributes.cmodule_id = 37) [0m
  [4;36;1mCattribute Load (0.000496)[0m   [0;1mSELECT * FROM `cattributes` WHERE (cattributes.cmodule_id = 38) [0m
  [4;35;1mCattribute Load (0.000293)[0m   [0mSELECT * FROM `cattributes` WHERE (cattributes.cmodule_id = 39) [0m
  [4;36;1mCattribute Load (0.000296)[0m   [0;1mSELECT * FROM `cattributes` WHERE (cattributes.cmodule_id = 40) [0m
  [4;35;1mCattribute Load (0.000287)[0m   [0mSELECT * FROM `cattributes` WHERE (cattributes.cmodule_id = 41) [0m
  [4;36;1mCattribute Load (0.000433)[0m   [0;1mSELECT * FROM `cattributes` WHERE (cattributes.cmodule_id = 42) [0m
  [4;35;1mCattribute Load (0.000299)[0m   [0mSELECT * FROM `cattributes` WHERE (cattributes.cmodule_id = 43) [0m
  [4;36;1mCattribute Load (0.000296)[0m   [0;1mSELECT * FROM `cattributes` WHERE (cattributes.cmodule_id = 44) [0m
  [4;35;1mCattribute Load (0.000328)[0m   [0mSELECT * FROM `cattributes` WHERE (cattributes.cmodule_id = 45) [0m
  [4;36;1mCattribute Load (0.000330)[0m   [0;1mSELECT * FROM `cattributes` WHERE (cattributes.cmodule_id = 46) [0m
  [4;35;1mCattribute Load (0.000324)[0m   [0mSELECT * FROM `cattributes` WHERE (cattributes.cmodule_id = 47) [0m
  [4;36;1mCattribute Load (0.000312)[0m   [0;1mSELECT * FROM `cattributes` WHERE (cattributes.cmodule_id = 48) [0m
  [4;35;1mCattribute Load (0.000301)[0m   [0mSELECT * FROM `cattributes` WHERE (cattributes.cmodule_id = 49) [0m
  [4;36;1mCattribute Load (0.000340)[0m   [0;1mSELECT * FROM `cattributes` WHERE (cattributes.cmodule_id = 50) [0m
  [4;35;1mCattribute Load (0.000270)[0m   [0mSELECT * FROM `cattributes` WHERE (cattributes.cmodule_id = 51) [0m
  [4;36;1mCattribute Load (0.000267)[0m   [0;1mSELECT * FROM `cattributes` WHERE (cattributes.cmodule_id = 52) [0m
  [4;35;1mCattribute Load (0.000892)[0m   [0mSELECT * FROM `cattributes` WHERE (cattributes.cmodule_id = 53) [0m
  [4;36;1mCattribute Load (0.000972)[0m   [0;1mSELECT * FROM `cattributes` WHERE (cattributes.cmodule_id = 54) [0m
  [4;35;1mCmodule Load (0.000360)[0m   [0mSELECT * FROM `cmodules` WHERE (cmodules.site_id = 2) [0m
  [4;36;1mSQL (0.000147)[0m   [0;1mSET SQL_AUTO_IS_NULL=0[0m
  [4;35;1mSite Columns (0.032554)[0m   [0mSHOW FIELDS FROM `sites`[0m
  [4;36;1mSite Load (0.030971)[0m   [0;1mSELECT * FROM `sites` WHERE (`sites`.`id` = '1') LIMIT 1[0m
  [4;35;1mSite Load (0.000326)[0m   [0mSELECT * FROM `sites` WHERE (`sites`.`id` = '2') LIMIT 1[0m
  [4;36;1mCmodule Load (0.000866)[0m   [0;1mSELECT * FROM `cmodules` WHERE (cmodules.site_id = 1) [0m
  [4;35;1mCmodule Columns (0.050817)[0m   [0mSHOW FIELDS FROM `cmodules`[0m
  [4;36;1mCattribute Load (0.025355)[0m   [0;1mSELECT * FROM `cattributes` WHERE (cattributes.cmodule_id = 1) [0m
  [4;35;1mCattribute Columns (0.002228)[0m   [0mSHOW FIELDS FROM `cattributes`[0m
  [4;36;1mCattribute Load (0.001129)[0m   [0;1mSELECT * FROM `cattributes` WHERE (cattributes.cmodule_id = 2) [0m
  [4;35;1mCattribute Load (0.000356)[0m   [0mSELECT * FROM `cattributes` WHERE (cattributes.cmodule_id = 3) [0m
  [4;36;1mCattribute Load (0.000324)[0m   [0;1mSELECT * FROM `cattributes` WHERE (cattributes.cmodule_id = 4) [0m
  [4;35;1mCattribute Load (0.000302)[0m   [0mSELECT * FROM `cattributes` WHERE (cattributes.cmodule_id = 5) [0m
  [4;36;1mCattribute Load (0.000288)[0m   [0;1mSELECT * FROM `cattributes` WHERE (cattributes.cmodule_id = 6) [0m
  [4;35;1mCattribute Load (0.000328)[0m   [0mSELECT * FROM `cattributes` WHERE (cattributes.cmodule_id = 7) [0m
  [4;36;1mCattribute Load (0.000298)[0m   [0;1mSELECT * FROM `cattributes` WHERE (cattributes.cmodule_id = 8) [0m
  [4;35;1mCattribute Load (0.000300)[0m   [0mSELECT * FROM `cattributes` WHERE (cattributes.cmodule_id = 9) [0m
  [4;36;1mCattribute Load (0.000311)[0m   [0;1mSELECT * FROM `cattributes` WHERE (cattributes.cmodule_id = 10) [0m
  [4;35;1mCattribute Load (0.000288)[0m   [0mSELECT * FROM `cattributes` WHERE (cattributes.cmodule_id = 11) [0m
  [4;36;1mCattribute Load (0.000323)[0m   [0;1mSELECT * FROM `cattributes` WHERE (cattributes.cmodule_id = 12) [0m
  [4;35;1mCattribute Load (0.000360)[0m   [0mSELECT * FROM `cattributes` WHERE (cattributes.cmodule_id = 13) [0m
  [4;36;1mCattribute Load (0.000376)[0m   [0;1mSELECT * FROM `cattributes` WHERE (cattributes.cmodule_id = 14) [0m
  [4;35;1mCattribute Load (0.000294)[0m   [0mSELECT * FROM `cattributes` WHERE (cattributes.cmodule_id = 15) [0m
  [4;36;1mCattribute Load (0.000379)[0m   [0;1mSELECT * FROM `cattributes` WHERE (cattributes.cmodule_id = 16) [0m
  [4;35;1mCattribute Load (0.000288)[0m   [0mSELECT * FROM `cattributes` WHERE (cattributes.cmodule_id = 17) [0m
  [4;36;1mCattribute Load (0.000324)[0m   [0;1mSELECT * FROM `cattributes` WHERE (cattributes.cmodule_id = 18) [0m
  [4;35;1mCattribute Load (0.000339)[0m   [0mSELECT * FROM `cattributes` WHERE (cattributes.cmodule_id = 19) [0m
  [4;36;1mCattribute Load (0.000340)[0m   [0;1mSELECT * FROM `cattributes` WHERE (cattributes.cmodule_id = 20) [0m
  [4;35;1mCattribute Load (0.000384)[0m   [0mSELECT * FROM `cattributes` WHERE (cattributes.cmodule_id = 21) [0m
  [4;36;1mCattribute Load (0.000335)[0m   [0;1mSELECT * FROM `cattributes` WHERE (cattributes.cmodule_id = 22) [0m
  [4;35;1mCattribute Load (0.000344)[0m   [0mSELECT * FROM `cattributes` WHERE (cattributes.cmodule_id = 23) [0m
  [4;36;1mCattribute Load (0.000440)[0m   [0;1mSELECT * FROM `cattributes` WHERE (cattributes.cmodule_id = 24) [0m
  [4;35;1mCattribute Load (0.000383)[0m   [0mSELECT * FROM `cattributes` WHERE (cattributes.cmodule_id = 25) [0m
  [4;36;1mCattribute Load (0.000305)[0m   [0;1mSELECT * FROM `cattributes` WHERE (cattributes.cmodule_id = 26) [0m
  [4;35;1mCattribute Load (0.000308)[0m   [0mSELECT * FROM `cattributes` WHERE (cattributes.cmodule_id = 27) [0m
  [4;36;1mCattribute Load (0.000300)[0m   [0;1mSELECT * FROM `cattributes` WHERE (cattributes.cmodule_id = 28) [0m
  [4;35;1mCattribute Load (0.000337)[0m   [0mSELECT * FROM `cattributes` WHERE (cattributes.cmodule_id = 29) [0m
  [4;36;1mCattribute Load (0.000455)[0m   [0;1mSELECT * FROM `cattributes` WHERE (cattributes.cmodule_id = 30) [0m
  [4;35;1mCattribute Load (0.000487)[0m   [0mSELECT * FROM `cattributes` WHERE (cattributes.cmodule_id = 31) [0m
  [4;36;1mCattribute Load (0.000423)[0m   [0;1mSELECT * FROM `cattributes` WHERE (cattributes.cmodule_id = 32) [0m
  [4;35;1mCattribute Load (0.000304)[0m   [0mSELECT * FROM `cattributes` WHERE (cattributes.cmodule_id = 33) [0m
  [4;36;1mCattribute Load (0.000288)[0m   [0;1mSELECT * FROM `cattributes` WHERE (cattributes.cmodule_id = 34) [0m
  [4;35;1mCattribute Load (0.000329)[0m   [0mSELECT * FROM `cattributes` WHERE (cattributes.cmodule_id = 35) [0m
  [4;36;1mCattribute Load (0.000326)[0m   [0;1mSELECT * FROM `cattributes` WHERE (cattributes.cmodule_id = 36) [0m
  [4;35;1mCattribute Load (0.000379)[0m   [0mSELECT * FROM `cattributes` WHERE (cattributes.cmodule_id = 37) [0m
  [4;36;1mCattribute Load (0.000527)[0m   [0;1mSELECT * FROM `cattributes` WHERE (cattributes.cmodule_id = 38) [0m
  [4;35;1mCattribute Load (0.000299)[0m   [0mSELECT * FROM `cattributes` WHERE (cattributes.cmodule_id = 39) [0m
  [4;36;1mCattribute Load (0.000301)[0m   [0;1mSELECT * FROM `cattributes` WHERE (cattributes.cmodule_id = 40) [0m
  [4;35;1mCattribute Load (0.000295)[0m   [0mSELECT * FROM `cattributes` WHERE (cattributes.cmodule_id = 41) [0m
  [4;36;1mCattribute Load (0.000411)[0m   [0;1mSELECT * FROM `cattributes` WHERE (cattributes.cmodule_id = 42) [0m
  [4;35;1mCattribute Load (0.000293)[0m   [0mSELECT * FROM `cattributes` WHERE (cattributes.cmodule_id = 43) [0m
  [4;36;1mCattribute Load (0.000294)[0m   [0;1mSELECT * FROM `cattributes` WHERE (cattributes.cmodule_id = 44) [0m
  [4;35;1mCattribute Load (0.000358)[0m   [0mSELECT * FROM `cattributes` WHERE (cattributes.cmodule_id = 45) [0m
  [4;36;1mCattribute Load (0.000372)[0m   [0;1mSELECT * FROM `cattributes` WHERE (cattributes.cmodule_id = 46) [0m
  [4;35;1mCattribute Load (0.000334)[0m   [0mSELECT * FROM `cattributes` WHERE (cattributes.cmodule_id = 47) [0m
  [4;36;1mCattribute Load (0.000317)[0m   [0;1mSELECT * FROM `cattributes` WHERE (cattributes.cmodule_id = 48) [0m
  [4;35;1mCattribute Load (0.000296)[0m   [0mSELECT * FROM `cattributes` WHERE (cattributes.cmodule_id = 49) [0m
  [4;36;1mCattribute Load (0.000361)[0m   [0;1mSELECT * FROM `cattributes` WHERE (cattributes.cmodule_id = 50) [0m
  [4;35;1mCattribute Load (0.000289)[0m   [0mSELECT * FROM `cattributes` WHERE (cattributes.cmodule_id = 51) [0m
  [4;36;1mCattribute Load (0.000272)[0m   [0;1mSELECT * FROM `cattributes` WHERE (cattributes.cmodule_id = 52) [0m
  [4;35;1mCattribute Load (0.000859)[0m   [0mSELECT * FROM `cattributes` WHERE (cattributes.cmodule_id = 53) [0m
  [4;36;1mCattribute Load (0.000944)[0m   [0;1mSELECT * FROM `cattributes` WHERE (cattributes.cmodule_id = 54) [0m
  [4;35;1mCmodule Load (0.000281)[0m   [0mSELECT * FROM `cmodules` WHERE (cmodules.site_id = 2) [0m
  [4;36;1mSQL (0.000154)[0m   [0;1mSET SQL_AUTO_IS_NULL=0[0m
  [4;35;1mSite Columns (0.002548)[0m   [0mSHOW FIELDS FROM `sites`[0m
  [4;36;1mSite Load (0.000368)[0m   [0;1mSELECT * FROM `sites` WHERE (`sites`.`id` = '1') LIMIT 1[0m
  [4;35;1mSite Load (0.000237)[0m   [0mSELECT * FROM `sites` WHERE (`sites`.`id` = '2') LIMIT 1[0m
  [4;36;1mCmodule Load (0.000841)[0m   [0;1mSELECT * FROM `cmodules` WHERE (cmodules.site_id = 1) [0m
  [4;35;1mCmodule Columns (0.001799)[0m   [0mSHOW FIELDS FROM `cmodules`[0m
  [4;36;1mCattribute Load (0.000611)[0m   [0;1mSELECT * FROM `cattributes` WHERE (cattributes.cmodule_id = 1) [0m
  [4;35;1mCattribute Columns (0.001955)[0m   [0mSHOW FIELDS FROM `cattributes`[0m
  [4;36;1mCattribute Load (0.001072)[0m   [0;1mSELECT * FROM `cattributes` WHERE (cattributes.cmodule_id = 2) [0m
  [4;35;1mCattribute Load (0.000432)[0m   [0mSELECT * FROM `cattributes` WHERE (cattributes.cmodule_id = 3) [0m
  [4;36;1mCattribute Load (0.000329)[0m   [0;1mSELECT * FROM `cattributes` WHERE (cattributes.cmodule_id = 4) [0m
  [4;35;1mCattribute Load (0.000316)[0m   [0mSELECT * FROM `cattributes` WHERE (cattributes.cmodule_id = 5) [0m
  [4;36;1mCattribute Load (0.000297)[0m   [0;1mSELECT * FROM `cattributes` WHERE (cattributes.cmodule_id = 6) [0m
  [4;35;1mCattribute Load (0.000332)[0m   [0mSELECT * FROM `cattributes` WHERE (cattributes.cmodule_id = 7) [0m
  [4;36;1mCattribute Load (0.000297)[0m   [0;1mSELECT * FROM `cattributes` WHERE (cattributes.cmodule_id = 8) [0m
  [4;35;1mCattribute Load (0.000283)[0m   [0mSELECT * FROM `cattributes` WHERE (cattributes.cmodule_id = 9) [0m
  [4;36;1mCattribute Load (0.000313)[0m   [0;1mSELECT * FROM `cattributes` WHERE (cattributes.cmodule_id = 10) [0m
  [4;35;1mCattribute Load (0.000297)[0m   [0mSELECT * FROM `cattributes` WHERE (cattributes.cmodule_id = 11) [0m
  [4;36;1mCattribute Load (0.000323)[0m   [0;1mSELECT * FROM `cattributes` WHERE (cattributes.cmodule_id = 12) [0m
  [4;35;1mCattribute Load (0.000358)[0m   [0mSELECT * FROM `cattributes` WHERE (cattributes.cmodule_id = 13) [0m
  [4;36;1mCattribute Load (0.000443)[0m   [0;1mSELECT * FROM `cattributes` WHERE (cattributes.cmodule_id = 14) [0m
  [4;35;1mCattribute Load (0.000422)[0m   [0mSELECT * FROM `cattributes` WHERE (cattributes.cmodule_id = 15) [0m
  [4;36;1mCattribute Load (0.000697)[0m   [0;1mSELECT * FROM `cattributes` WHERE (cattributes.cmodule_id = 16) [0m
  [4;35;1mCattribute Load (0.000514)[0m   [0mSELECT * FROM `cattributes` WHERE (cattributes.cmodule_id = 17) [0m
  [4;36;1mCattribute Load (0.000381)[0m   [0;1mSELECT * FROM `cattributes` WHERE (cattributes.cmodule_id = 18) [0m
  [4;35;1mCattribute Load (0.000374)[0m   [0mSELECT * FROM `cattributes` WHERE (cattributes.cmodule_id = 19) [0m
  [4;36;1mCattribute Load (0.000337)[0m   [0;1mSELECT * FROM `cattributes` WHERE (cattributes.cmodule_id = 20) [0m
  [4;35;1mCattribute Load (0.000382)[0m   [0mSELECT * FROM `cattributes` WHERE (cattributes.cmodule_id = 21) [0m
  [4;36;1mCattribute Load (0.000378)[0m   [0;1mSELECT * FROM `cattributes` WHERE (cattributes.cmodule_id = 22) [0m
  [4;35;1mCattribute Load (0.000356)[0m   [0mSELECT * FROM `cattributes` WHERE (cattributes.cmodule_id = 23) [0m
  [4;36;1mCattribute Load (0.000433)[0m   [0;1mSELECT * FROM `cattributes` WHERE (cattributes.cmodule_id = 24) [0m
  [4;35;1mCattribute Load (0.000388)[0m   [0mSELECT * FROM `cattributes` WHERE (cattributes.cmodule_id = 25) [0m
  [4;36;1mCattribute Load (0.000321)[0m   [0;1mSELECT * FROM `cattributes` WHERE (cattributes.cmodule_id = 26) [0m
  [4;35;1mCattribute Load (0.000358)[0m   [0mSELECT * FROM `cattributes` WHERE (cattributes.cmodule_id = 27) [0m
  [4;36;1mCattribute Load (0.000334)[0m   [0;1mSELECT * FROM `cattributes` WHERE (cattributes.cmodule_id = 28) [0m
  [4;35;1mCattribute Load (0.000314)[0m   [0mSELECT * FROM `cattributes` WHERE (cattributes.cmodule_id = 29) [0m
  [4;36;1mCattribute Load (0.000440)[0m   [0;1mSELECT * FROM `cattributes` WHERE (cattributes.cmodule_id = 30) [0m
  [4;35;1mCattribute Load (0.000643)[0m   [0mSELECT * FROM `cattributes` WHERE (cattributes.cmodule_id = 31) [0m
  [4;36;1mCattribute Load (0.000375)[0m   [0;1mSELECT * FROM `cattributes` WHERE (cattributes.cmodule_id = 32) [0m
  [4;35;1mCattribute Load (0.000312)[0m   [0mSELECT * FROM `cattributes` WHERE (cattributes.cmodule_id = 33) [0m
  [4;36;1mCattribute Load (0.000291)[0m   [0;1mSELECT * FROM `cattributes` WHERE (cattributes.cmodule_id = 34) [0m
  [4;35;1mCattribute Load (0.000278)[0m   [0mSELECT * FROM `cattributes` WHERE (cattributes.cmodule_id = 35) [0m
  [4;36;1mCattribute Load (0.000316)[0m   [0;1mSELECT * FROM `cattributes` WHERE (cattributes.cmodule_id = 36) [0m
  [4;35;1mCattribute Load (0.000346)[0m   [0mSELECT * FROM `cattributes` WHERE (cattributes.cmodule_id = 37) [0m
  [4;36;1mCattribute Load (0.000459)[0m   [0;1mSELECT * FROM `cattributes` WHERE (cattributes.cmodule_id = 38) [0m
  [4;35;1mCattribute Load (0.000263)[0m   [0mSELECT * FROM `cattributes` WHERE (cattributes.cmodule_id = 39) [0m
  [4;36;1mCattribute Load (0.000254)[0m   [0;1mSELECT * FROM `cattributes` WHERE (cattributes.cmodule_id = 40) [0m
  [4;35;1mCattribute Load (0.000249)[0m   [0mSELECT * FROM `cattributes` WHERE (cattributes.cmodule_id = 41) [0m
  [4;36;1mCattribute Load (0.000362)[0m   [0;1mSELECT * FROM `cattributes` WHERE (cattributes.cmodule_id = 42) [0m
  [4;35;1mCattribute Load (0.000263)[0m   [0mSELECT * FROM `cattributes` WHERE (cattributes.cmodule_id = 43) [0m
  [4;36;1mCattribute Load (0.000267)[0m   [0;1mSELECT * FROM `cattributes` WHERE (cattributes.cmodule_id = 44) [0m
  [4;35;1mCattribute Load (0.000282)[0m   [0mSELECT * FROM `cattributes` WHERE (cattributes.cmodule_id = 45) [0m
  [4;36;1mCattribute Load (0.000286)[0m   [0;1mSELECT * FROM `cattributes` WHERE (cattributes.cmodule_id = 46) [0m
  [4;35;1mCattribute Load (0.000298)[0m   [0mSELECT * FROM `cattributes` WHERE (cattributes.cmodule_id = 47) [0m
  [4;36;1mCattribute Load (0.000306)[0m   [0;1mSELECT * FROM `cattributes` WHERE (cattributes.cmodule_id = 48) [0m
  [4;35;1mCattribute Load (0.000287)[0m   [0mSELECT * FROM `cattributes` WHERE (cattributes.cmodule_id = 49) [0m
  [4;36;1mCattribute Load (0.000313)[0m   [0;1mSELECT * FROM `cattributes` WHERE (cattributes.cmodule_id = 50) [0m
  [4;35;1mCattribute Load (0.000272)[0m   [0mSELECT * FROM `cattributes` WHERE (cattributes.cmodule_id = 51) [0m
  [4;36;1mCattribute Load (0.000263)[0m   [0;1mSELECT * FROM `cattributes` WHERE (cattributes.cmodule_id = 52) [0m
  [4;35;1mCattribute Load (0.000729)[0m   [0mSELECT * FROM `cattributes` WHERE (cattributes.cmodule_id = 53) [0m
  [4;36;1mCattribute Load (0.000822)[0m   [0;1mSELECT * FROM `cattributes` WHERE (cattributes.cmodule_id = 54) [0m
  [4;35;1mCmodule Load (0.000362)[0m   [0mSELECT * FROM `cmodules` WHERE (cmodules.site_id = 2) [0m
  [4;36;1mSQL (0.000133)[0m   [0;1mSET SQL_AUTO_IS_NULL=0[0m
  [4;35;1mSite Columns (0.002563)[0m   [0mSHOW FIELDS FROM `sites`[0m
  [4;36;1mSite Load (0.000363)[0m   [0;1mSELECT * FROM `sites` WHERE (`sites`.`id` = '1') LIMIT 1[0m
  [4;35;1mSite Load (0.000238)[0m   [0mSELECT * FROM `sites` WHERE (`sites`.`id` = '2') LIMIT 1[0m
  [4;36;1mCmodule Load (0.000810)[0m   [0;1mSELECT * FROM `cmodules` WHERE (cmodules.site_id = 1) [0m
  [4;35;1mCmodule Columns (0.001740)[0m   [0mSHOW FIELDS FROM `cmodules`[0m
  [4;36;1mCattribute Load (0.000637)[0m   [0;1mSELECT * FROM `cattributes` WHERE (cattributes.cmodule_id = 1) [0m
  [4;35;1mCattribute Columns (0.002137)[0m   [0mSHOW FIELDS FROM `cattributes`[0m
  [4;36;1mCattribute Load (0.001084)[0m   [0;1mSELECT * FROM `cattributes` WHERE (cattributes.cmodule_id = 2) [0m
  [4;35;1mCattribute Load (0.000330)[0m   [0mSELECT * FROM `cattributes` WHERE (cattributes.cmodule_id = 3) [0m
  [4;36;1mCattribute Load (0.000294)[0m   [0;1mSELECT * FROM `cattributes` WHERE (cattributes.cmodule_id = 4) [0m
  [4;35;1mCattribute Load (0.000304)[0m   [0mSELECT * FROM `cattributes` WHERE (cattributes.cmodule_id = 5) [0m
  [4;36;1mCattribute Load (0.000302)[0m   [0;1mSELECT * FROM `cattributes` WHERE (cattributes.cmodule_id = 6) [0m
  [4;35;1mCattribute Load (0.000332)[0m   [0mSELECT * FROM `cattributes` WHERE (cattributes.cmodule_id = 7) [0m
  [4;36;1mCattribute Load (0.000297)[0m   [0;1mSELECT * FROM `cattributes` WHERE (cattributes.cmodule_id = 8) [0m
  [4;35;1mCattribute Load (0.000284)[0m   [0mSELECT * FROM `cattributes` WHERE (cattributes.cmodule_id = 9) [0m
  [4;36;1mCattribute Load (0.000292)[0m   [0;1mSELECT * FROM `cattributes` WHERE (cattributes.cmodule_id = 10) [0m
  [4;35;1mCattribute Load (0.000297)[0m   [0mSELECT * FROM `cattributes` WHERE (cattributes.cmodule_id = 11) [0m
  [4;36;1mCattribute Load (0.000304)[0m   [0;1mSELECT * FROM `cattributes` WHERE (cattributes.cmodule_id = 12) [0m
  [4;35;1mCattribute Load (0.000327)[0m   [0mSELECT * FROM `cattributes` WHERE (cattributes.cmodule_id = 13) [0m
  [4;36;1mCattribute Load (0.000364)[0m   [0;1mSELECT * FROM `cattributes` WHERE (cattributes.cmodule_id = 14) [0m
  [4;35;1mCattribute Load (0.000287)[0m   [0mSELECT * FROM `cattributes` WHERE (cattributes.cmodule_id = 15) [0m
  [4;36;1mCattribute Load (0.000396)[0m   [0;1mSELECT * FROM `cattributes` WHERE (cattributes.cmodule_id = 16) [0m
  [4;35;1mCattribute Load (0.000319)[0m   [0mSELECT * FROM `cattributes` WHERE (cattributes.cmodule_id = 17) [0m
  [4;36;1mCattribute Load (0.000380)[0m   [0;1mSELECT * FROM `cattributes` WHERE (cattributes.cmodule_id = 18) [0m
  [4;35;1mCattribute Load (0.000456)[0m   [0mSELECT * FROM `cattributes` WHERE (cattributes.cmodule_id = 19) [0m
  [4;36;1mCattribute Load (0.000312)[0m   [0;1mSELECT * FROM `cattributes` WHERE (cattributes.cmodule_id = 20) [0m
  [4;35;1mCattribute Load (0.000365)[0m   [0mSELECT * FROM `cattributes` WHERE (cattributes.cmodule_id = 21) [0m
  [4;36;1mCattribute Load (0.000321)[0m   [0;1mSELECT * FROM `cattributes` WHERE (cattributes.cmodule_id = 22) [0m
  [4;35;1mCattribute Load (0.000327)[0m   [0mSELECT * FROM `cattributes` WHERE (cattributes.cmodule_id = 23) [0m
  [4;36;1mCattribute Load (0.000450)[0m   [0;1mSELECT * FROM `cattributes` WHERE (cattributes.cmodule_id = 24) [0m
  [4;35;1mCattribute Load (0.000377)[0m   [0mSELECT * FROM `cattributes` WHERE (cattributes.cmodule_id = 25) [0m
  [4;36;1mCattribute Load (0.000312)[0m   [0;1mSELECT * FROM `cattributes` WHERE (cattributes.cmodule_id = 26) [0m
  [4;35;1mCattribute Load (0.000319)[0m   [0mSELECT * FROM `cattributes` WHERE (cattributes.cmodule_id = 27) [0m
  [4;36;1mCattribute Load (0.000300)[0m   [0;1mSELECT * FROM `cattributes` WHERE (cattributes.cmodule_id = 28) [0m
  [4;35;1mCattribute Load (0.000316)[0m   [0mSELECT * FROM `cattributes` WHERE (cattributes.cmodule_id = 29) [0m
  [4;36;1mCattribute Load (0.000474)[0m   [0;1mSELECT * FROM `cattributes` WHERE (cattributes.cmodule_id = 30) [0m
  [4;35;1mCattribute Load (0.000415)[0m   [0mSELECT * FROM `cattributes` WHERE (cattributes.cmodule_id = 31) [0m
  [4;36;1mCattribute Load (0.000406)[0m   [0;1mSELECT * FROM `cattributes` WHERE (cattributes.cmodule_id = 32) [0m
  [4;35;1mCattribute Load (0.000299)[0m   [0mSELECT * FROM `cattributes` WHERE (cattributes.cmodule_id = 33) [0m
  [4;36;1mCattribute Load (0.000288)[0m   [0;1mSELECT * FROM `cattributes` WHERE (cattributes.cmodule_id = 34) [0m
  [4;35;1mCattribute Load (0.000309)[0m   [0mSELECT * FROM `cattributes` WHERE (cattributes.cmodule_id = 35) [0m
  [4;36;1mCattribute Load (0.000314)[0m   [0;1mSELECT * FROM `cattributes` WHERE (cattributes.cmodule_id = 36) [0m
  [4;35;1mCattribute Load (0.000381)[0m   [0mSELECT * FROM `cattributes` WHERE (cattributes.cmodule_id = 37) [0m
  [4;36;1mCattribute Load (0.000533)[0m   [0;1mSELECT * FROM `cattributes` WHERE (cattributes.cmodule_id = 38) [0m
  [4;35;1mCattribute Load (0.000301)[0m   [0mSELECT * FROM `cattributes` WHERE (cattributes.cmodule_id = 39) [0m
  [4;36;1mCattribute Load (0.000384)[0m   [0;1mSELECT * FROM `cattributes` WHERE (cattributes.cmodule_id = 40) [0m
  [4;35;1mCattribute Load (0.000303)[0m   [0mSELECT * FROM `cattributes` WHERE (cattributes.cmodule_id = 41) [0m
  [4;36;1mCattribute Load (0.000413)[0m   [0;1mSELECT * FROM `cattributes` WHERE (cattributes.cmodule_id = 42) [0m
  [4;35;1mCattribute Load (0.000311)[0m   [0mSELECT * FROM `cattributes` WHERE (cattributes.cmodule_id = 43) [0m
  [4;36;1mCattribute Load (0.000316)[0m   [0;1mSELECT * FROM `cattributes` WHERE (cattributes.cmodule_id = 44) [0m
  [4;35;1mCattribute Load (0.000309)[0m   [0mSELECT * FROM `cattributes` WHERE (cattributes.cmodule_id = 45) [0m
  [4;36;1mCattribute Load (0.000324)[0m   [0;1mSELECT * FROM `cattributes` WHERE (cattributes.cmodule_id = 46) [0m
  [4;35;1mCattribute Load (0.000307)[0m   [0mSELECT * FROM `cattributes` WHERE (cattributes.cmodule_id = 47) [0m
  [4;36;1mCattribute Load (0.000305)[0m   [0;1mSELECT * FROM `cattributes` WHERE (cattributes.cmodule_id = 48) [0m
  [4;35;1mCattribute Load (0.000288)[0m   [0mSELECT * FROM `cattributes` WHERE (cattributes.cmodule_id = 49) [0m
  [4;36;1mCattribute Load (0.000338)[0m   [0;1mSELECT * FROM `cattributes` WHERE (cattributes.cmodule_id = 50) [0m
  [4;35;1mCattribute Load (0.000274)[0m   [0mSELECT * FROM `cattributes` WHERE (cattributes.cmodule_id = 51) [0m
  [4;36;1mCattribute Load (0.000270)[0m   [0;1mSELECT * FROM `cattributes` WHERE (cattributes.cmodule_id = 52) [0m
  [4;35;1mCattribute Load (0.000887)[0m   [0mSELECT * FROM `cattributes` WHERE (cattributes.cmodule_id = 53) [0m
  [4;36;1mCattribute Load (0.000995)[0m   [0;1mSELECT * FROM `cattributes` WHERE (cattributes.cmodule_id = 54) [0m
  [4;35;1mCmodule Load (0.000293)[0m   [0mSELECT * FROM `cmodules` WHERE (cmodules.site_id = 2) [0m
  [4;36;1mSQL (0.000144)[0m   [0;1mSET SQL_AUTO_IS_NULL=0[0m
  [4;35;1mSite Columns (0.002791)[0m   [0mSHOW FIELDS FROM `sites`[0m
  [4;36;1mSite Load (0.000422)[0m   [0;1mSELECT * FROM `sites` WHERE (`sites`.`id` = '1') LIMIT 1[0m
  [4;35;1mSite Load (0.000235)[0m   [0mSELECT * FROM `sites` WHERE (`sites`.`id` = '2') LIMIT 1[0m
  [4;36;1mCmodule Load (0.000871)[0m   [0;1mSELECT * FROM `cmodules` WHERE (cmodules.site_id = 1) [0m
  [4;35;1mCmodule Columns (0.001816)[0m   [0mSHOW FIELDS FROM `cmodules`[0m
  [4;36;1mCattribute Load (0.000624)[0m   [0;1mSELECT * FROM `cattributes` WHERE (cattributes.cmodule_id = 1) [0m
  [4;35;1mCattribute Columns (0.002259)[0m   [0mSHOW FIELDS FROM `cattributes`[0m
  [4;36;1mCattribute Load (0.001103)[0m   [0;1mSELECT * FROM `cattributes` WHERE (cattributes.cmodule_id = 2) [0m
  [4;35;1mCattribute Load (0.000363)[0m   [0mSELECT * FROM `cattributes` WHERE (cattributes.cmodule_id = 3) [0m
  [4;36;1mCattribute Load (0.000296)[0m   [0;1mSELECT * FROM `cattributes` WHERE (cattributes.cmodule_id = 4) [0m
  [4;35;1mCattribute Load (0.000343)[0m   [0mSELECT * FROM `cattributes` WHERE (cattributes.cmodule_id = 5) [0m
  [4;36;1mCattribute Load (0.000304)[0m   [0;1mSELECT * FROM `cattributes` WHERE (cattributes.cmodule_id = 6) [0m
  [4;35;1mCattribute Load (0.000339)[0m   [0mSELECT * FROM `cattributes` WHERE (cattributes.cmodule_id = 7) [0m
  [4;36;1mCattribute Load (0.000295)[0m   [0;1mSELECT * FROM `cattributes` WHERE (cattributes.cmodule_id = 8) [0m
  [4;35;1mCattribute Load (0.000296)[0m   [0mSELECT * FROM `cattributes` WHERE (cattributes.cmodule_id = 9) [0m
  [4;36;1mCattribute Load (0.000300)[0m   [0;1mSELECT * FROM `cattributes` WHERE (cattributes.cmodule_id = 10) [0m
  [4;35;1mCattribute Load (0.000288)[0m   [0mSELECT * FROM `cattributes` WHERE (cattributes.cmodule_id = 11) [0m
  [4;36;1mCattribute Load (0.000294)[0m   [0;1mSELECT * FROM `cattributes` WHERE (cattributes.cmodule_id = 12) [0m
  [4;35;1mCattribute Load (0.000319)[0m   [0mSELECT * FROM `cattributes` WHERE (cattributes.cmodule_id = 13) [0m
  [4;36;1mCattribute Load (0.000413)[0m   [0;1mSELECT * FROM `cattributes` WHERE (cattributes.cmodule_id = 14) [0m
  [4;35;1mCattribute Load (0.000291)[0m   [0mSELECT * FROM `cattributes` WHERE (cattributes.cmodule_id = 15) [0m
  [4;36;1mCattribute Load (0.000413)[0m   [0;1mSELECT * FROM `cattributes` WHERE (cattributes.cmodule_id = 16) [0m
  [4;35;1mCattribute Load (0.000305)[0m   [0mSELECT * FROM `cattributes` WHERE (cattributes.cmodule_id = 17) [0m
  [4;36;1mCattribute Load (0.000322)[0m   [0;1mSELECT * FROM `cattributes` WHERE (cattributes.cmodule_id = 18) [0m
  [4;35;1mCattribute Load (0.000335)[0m   [0mSELECT * FROM `cattributes` WHERE (cattributes.cmodule_id = 19) [0m
  [4;36;1mCattribute Load (0.000292)[0m   [0;1mSELECT * FROM `cattributes` WHERE (cattributes.cmodule_id = 20) [0m
  [4;35;1mCattribute Load (0.000373)[0m   [0mSELECT * FROM `cattributes` WHERE (cattributes.cmodule_id = 21) [0m
  [4;36;1mCattribute Load (0.000326)[0m   [0;1mSELECT * FROM `cattributes` WHERE (cattributes.cmodule_id = 22) [0m
  [4;35;1mCattribute Load (0.000329)[0m   [0mSELECT * FROM `cattributes` WHERE (cattributes.cmodule_id = 23) [0m
  [4;36;1mCattribute Load (0.000453)[0m   [0;1mSELECT * FROM `cattributes` WHERE (cattributes.cmodule_id = 24) [0m
  [4;35;1mCattribute Load (0.000379)[0m   [0mSELECT * FROM `cattributes` WHERE (cattributes.cmodule_id = 25) [0m
  [4;36;1mCattribute Load (0.000301)[0m   [0;1mSELECT * FROM `cattributes` WHERE (cattributes.cmodule_id = 26) [0m
  [4;35;1mCattribute Load (0.000307)[0m   [0mSELECT * FROM `cattributes` WHERE (cattributes.cmodule_id = 27) [0m
  [4;36;1mCattribute Load (0.000294)[0m   [0;1mSELECT * FROM `cattributes` WHERE (cattributes.cmodule_id = 28) [0m
  [4;35;1mCattribute Load (0.000312)[0m   [0mSELECT * FROM `cattributes` WHERE (cattributes.cmodule_id = 29) [0m
  [4;36;1mCattribute Load (0.000564)[0m   [0;1mSELECT * FROM `cattributes` WHERE (cattributes.cmodule_id = 30) [0m
  [4;35;1mCattribute Load (0.000565)[0m   [0mSELECT * FROM `cattributes` WHERE (cattributes.cmodule_id = 31) [0m
  [4;36;1mCattribute Load (0.000510)[0m   [0;1mSELECT * FROM `cattributes` WHERE (cattributes.cmodule_id = 32) [0m
  [4;35;1mCattribute Load (0.000339)[0m   [0mSELECT * FROM `cattributes` WHERE (cattributes.cmodule_id = 33) [0m
  [4;36;1mCattribute Load (0.000307)[0m   [0;1mSELECT * FROM `cattributes` WHERE (cattributes.cmodule_id = 34) [0m
  [4;35;1mCattribute Load (0.000336)[0m   [0mSELECT * FROM `cattributes` WHERE (cattributes.cmodule_id = 35) [0m
  [4;36;1mCattribute Load (0.000355)[0m   [0;1mSELECT * FROM `cattributes` WHERE (cattributes.cmodule_id = 36) [0m
  [4;35;1mCattribute Load (0.000427)[0m   [0mSELECT * FROM `cattributes` WHERE (cattributes.cmodule_id = 37) [0m
  [4;36;1mCattribute Load (0.000576)[0m   [0;1mSELECT * FROM `cattributes` WHERE (cattributes.cmodule_id = 38) [0m
  [4;35;1mCattribute Load (0.000457)[0m   [0mSELECT * FROM `cattributes` WHERE (cattributes.cmodule_id = 39) [0m
  [4;36;1mCattribute Load (0.000854)[0m   [0;1mSELECT * FROM `cattributes` WHERE (cattributes.cmodule_id = 40) [0m
  [4;35;1mCattribute Load (0.000455)[0m   [0mSELECT * FROM `cattributes` WHERE (cattributes.cmodule_id = 41) [0m
  [4;36;1mCattribute Load (0.000444)[0m   [0;1mSELECT * FROM `cattributes` WHERE (cattributes.cmodule_id = 42) [0m
  [4;35;1mCattribute Load (0.000313)[0m   [0mSELECT * FROM `cattributes` WHERE (cattributes.cmodule_id = 43) [0m
  [4;36;1mCattribute Load (0.000303)[0m   [0;1mSELECT * FROM `cattributes` WHERE (cattributes.cmodule_id = 44) [0m
  [4;35;1mCattribute Load (0.000260)[0m   [0mSELECT * FROM `cattributes` WHERE (cattributes.cmodule_id = 45) [0m
  [4;36;1mCattribute Load (0.000431)[0m   [0;1mSELECT * FROM `cattributes` WHERE (cattributes.cmodule_id = 46) [0m
  [4;35;1mCattribute Load (0.000272)[0m   [0mSELECT * FROM `cattributes` WHERE (cattributes.cmodule_id = 47) [0m
  [4;36;1mCattribute Load (0.000493)[0m   [0;1mSELECT * FROM `cattributes` WHERE (cattributes.cmodule_id = 48) [0m
  [4;35;1mCattribute Load (0.000316)[0m   [0mSELECT * FROM `cattributes` WHERE (cattributes.cmodule_id = 49) [0m
  [4;36;1mCattribute Load (0.000346)[0m   [0;1mSELECT * FROM `cattributes` WHERE (cattributes.cmodule_id = 50) [0m
  [4;35;1mCattribute Load (0.000300)[0m   [0mSELECT * FROM `cattributes` WHERE (cattributes.cmodule_id = 51) [0m
  [4;36;1mCattribute Load (0.000260)[0m   [0;1mSELECT * FROM `cattributes` WHERE (cattributes.cmodule_id = 52) [0m
  [4;35;1mCattribute Load (0.000739)[0m   [0mSELECT * FROM `cattributes` WHERE (cattributes.cmodule_id = 53) [0m
  [4;36;1mCattribute Load (0.000864)[0m   [0;1mSELECT * FROM `cattributes` WHERE (cattributes.cmodule_id = 54) [0m
  [4;35;1mCmodule Load (0.000274)[0m   [0mSELECT * FROM `cmodules` WHERE (cmodules.site_id = 2) [0m
  [4;36;1mSQL (0.000143)[0m   [0;1mSET SQL_AUTO_IS_NULL=0[0m
  [4;35;1mSite Columns (0.002536)[0m   [0mSHOW FIELDS FROM `sites`[0m
  [4;36;1mSite Load (0.000646)[0m   [0;1mSELECT * FROM `sites` WHERE (`sites`.`id` = '1') LIMIT 1[0m
  [4;35;1mSite Load (0.000278)[0m   [0mSELECT * FROM `sites` WHERE (`sites`.`id` = '2') LIMIT 1[0m
  [4;36;1mCmodule Load (0.000877)[0m   [0;1mSELECT * FROM `cmodules` WHERE (cmodules.site_id = 1) [0m
  [4;35;1mCmodule Columns (0.001774)[0m   [0mSHOW FIELDS FROM `cmodules`[0m
  [4;36;1mCattribute Load (0.000616)[0m   [0;1mSELECT * FROM `cattributes` WHERE (cattributes.cmodule_id = 1) [0m
  [4;35;1mCattribute Columns (0.001978)[0m   [0mSHOW FIELDS FROM `cattributes`[0m
  [4;36;1mCattribute Load (0.001073)[0m   [0;1mSELECT * FROM `cattributes` WHERE (cattributes.cmodule_id = 2) [0m
  [4;35;1mCattribute Load (0.000383)[0m   [0mSELECT * FROM `cattributes` WHERE (cattributes.cmodule_id = 3) [0m
  [4;36;1mCattribute Load (0.000300)[0m   [0;1mSELECT * FROM `cattributes` WHERE (cattributes.cmodule_id = 4) [0m
  [4;35;1mCattribute Load (0.000303)[0m   [0mSELECT * FROM `cattributes` WHERE (cattributes.cmodule_id = 5) [0m
  [4;36;1mCattribute Load (0.000293)[0m   [0;1mSELECT * FROM `cattributes` WHERE (cattributes.cmodule_id = 6) [0m
  [4;35;1mCattribute Load (0.000332)[0m   [0mSELECT * FROM `cattributes` WHERE (cattributes.cmodule_id = 7) [0m
  [4;36;1mCattribute Load (0.000298)[0m   [0;1mSELECT * FROM `cattributes` WHERE (cattributes.cmodule_id = 8) [0m
  [4;35;1mCattribute Load (0.000286)[0m   [0mSELECT * FROM `cattributes` WHERE (cattributes.cmodule_id = 9) [0m
  [4;36;1mCattribute Load (0.000306)[0m   [0;1mSELECT * FROM `cattributes` WHERE (cattributes.cmodule_id = 10) [0m
  [4;35;1mCattribute Load (0.000292)[0m   [0mSELECT * FROM `cattributes` WHERE (cattributes.cmodule_id = 11) [0m
  [4;36;1mCattribute Load (0.000299)[0m   [0;1mSELECT * FROM `cattributes` WHERE (cattributes.cmodule_id = 12) [0m
  [4;35;1mCattribute Load (0.000362)[0m   [0mSELECT * FROM `cattributes` WHERE (cattributes.cmodule_id = 13) [0m
  [4;36;1mCattribute Load (0.000441)[0m   [0;1mSELECT * FROM `cattributes` WHERE (cattributes.cmodule_id = 14) [0m
  [4;35;1mCattribute Load (0.000301)[0m   [0mSELECT * FROM `cattributes` WHERE (cattributes.cmodule_id = 15) [0m
  [4;36;1mCattribute Load (0.000413)[0m   [0;1mSELECT * FROM `cattributes` WHERE (cattributes.cmodule_id = 16) [0m
  [4;35;1mCattribute Load (0.000299)[0m   [0mSELECT * FROM `cattributes` WHERE (cattributes.cmodule_id = 17) [0m
  [4;36;1mCattribute Load (0.000328)[0m   [0;1mSELECT * FROM `cattributes` WHERE (cattributes.cmodule_id = 18) [0m
  [4;35;1mCattribute Load (0.000342)[0m   [0mSELECT * FROM `cattributes` WHERE (cattributes.cmodule_id = 19) [0m
  [4;36;1mCattribute Load (0.000298)[0m   [0;1mSELECT * FROM `cattributes` WHERE (cattributes.cmodule_id = 20) [0m
  [4;35;1mCattribute Load (0.000363)[0m   [0mSELECT * FROM `cattributes` WHERE (cattributes.cmodule_id = 21) [0m
  [4;36;1mCattribute Load (0.000338)[0m   [0;1mSELECT * FROM `cattributes` WHERE (cattributes.cmodule_id = 22) [0m
  [4;35;1mCattribute Load (0.000334)[0m   [0mSELECT * FROM `cattributes` WHERE (cattributes.cmodule_id = 23) [0m
  [4;36;1mCattribute Load (0.000450)[0m   [0;1mSELECT * FROM `cattributes` WHERE (cattributes.cmodule_id = 24) [0m
  [4;35;1mCattribute Load (0.000352)[0m   [0mSELECT * FROM `cattributes` WHERE (cattributes.cmodule_id = 25) [0m
  [4;36;1mCattribute Load (0.000301)[0m   [0;1mSELECT * FROM `cattributes` WHERE (cattributes.cmodule_id = 26) [0m
  [4;35;1mCattribute Load (0.000356)[0m   [0mSELECT * FROM `cattributes` WHERE (cattributes.cmodule_id = 27) [0m
  [4;36;1mCattribute Load (0.000314)[0m   [0;1mSELECT * FROM `cattributes` WHERE (cattributes.cmodule_id = 28) [0m
  [4;35;1mCattribute Load (0.000331)[0m   [0mSELECT * FROM `cattributes` WHERE (cattributes.cmodule_id = 29) [0m
  [4;36;1mCattribute Load (0.000458)[0m   [0;1mSELECT * FROM `cattributes` WHERE (cattributes.cmodule_id = 30) [0m
  [4;35;1mCattribute Load (0.000445)[0m   [0mSELECT * FROM `cattributes` WHERE (cattributes.cmodule_id = 31) [0m
  [4;36;1mCattribute Load (0.000416)[0m   [0;1mSELECT * FROM `cattributes` WHERE (cattributes.cmodule_id = 32) [0m
  [4;35;1mCattribute Load (0.000302)[0m   [0mSELECT * FROM `cattributes` WHERE (cattributes.cmodule_id = 33) [0m
  [4;36;1mCattribute Load (0.000291)[0m   [0;1mSELECT * FROM `cattributes` WHERE (cattributes.cmodule_id = 34) [0m
  [4;35;1mCattribute Load (0.000290)[0m   [0mSELECT * FROM `cattributes` WHERE (cattributes.cmodule_id = 35) [0m
  [4;36;1mCattribute Load (0.000310)[0m   [0;1mSELECT * FROM `cattributes` WHERE (cattributes.cmodule_id = 36) [0m
  [4;35;1mCattribute Load (0.000370)[0m   [0mSELECT * FROM `cattributes` WHERE (cattributes.cmodule_id = 37) [0m
  [4;36;1mCattribute Load (0.000540)[0m   [0;1mSELECT * FROM `cattributes` WHERE (cattributes.cmodule_id = 38) [0m
  [4;35;1mCattribute Load (0.000354)[0m   [0mSELECT * FROM `cattributes` WHERE (cattributes.cmodule_id = 39) [0m
  [4;36;1mCattribute Load (0.000320)[0m   [0;1mSELECT * FROM `cattributes` WHERE (cattributes.cmodule_id = 40) [0m
  [4;35;1mCattribute Load (0.000295)[0m   [0mSELECT * FROM `cattributes` WHERE (cattributes.cmodule_id = 41) [0m
  [4;36;1mCattribute Load (0.000417)[0m   [0;1mSELECT * FROM `cattributes` WHERE (cattributes.cmodule_id = 42) [0m
  [4;35;1mCattribute Load (0.000308)[0m   [0mSELECT * FROM `cattributes` WHERE (cattributes.cmodule_id = 43) [0m
  [4;36;1mCattribute Load (0.000326)[0m   [0;1mSELECT * FROM `cattributes` WHERE (cattributes.cmodule_id = 44) [0m
  [4;35;1mCattribute Load (0.000415)[0m   [0mSELECT * FROM `cattributes` WHERE (cattributes.cmodule_id = 45) [0m
  [4;36;1mCattribute Load (0.000342)[0m   [0;1mSELECT * FROM `cattributes` WHERE (cattributes.cmodule_id = 46) [0m
  [4;35;1mCattribute Load (0.000313)[0m   [0mSELECT * FROM `cattributes` WHERE (cattributes.cmodule_id = 47) [0m
  [4;36;1mCattribute Load (0.000311)[0m   [0;1mSELECT * FROM `cattributes` WHERE (cattributes.cmodule_id = 48) [0m
  [4;35;1mCattribute Load (0.000315)[0m   [0mSELECT * FROM `cattributes` WHERE (cattributes.cmodule_id = 49) [0m
  [4;36;1mCattribute Load (0.000391)[0m   [0;1mSELECT * FROM `cattributes` WHERE (cattributes.cmodule_id = 50) [0m
  [4;35;1mCattribute Load (0.000336)[0m   [0mSELECT * FROM `cattributes` WHERE (cattributes.cmodule_id = 51) [0m
  [4;36;1mCattribute Load (0.000290)[0m   [0;1mSELECT * FROM `cattributes` WHERE (cattributes.cmodule_id = 52) [0m
  [4;35;1mCattribute Load (0.000880)[0m   [0mSELECT * FROM `cattributes` WHERE (cattributes.cmodule_id = 53) [0m
  [4;36;1mCattribute Load (0.000949)[0m   [0;1mSELECT * FROM `cattributes` WHERE (cattributes.cmodule_id = 54) [0m
  [4;35;1mCmodule Load (0.000301)[0m   [0mSELECT * FROM `cmodules` WHERE (cmodules.site_id = 2) [0m
  [4;36;1mSQL (0.000145)[0m   [0;1mSET SQL_AUTO_IS_NULL=0[0m
  [4;35;1mSite Columns (0.001942)[0m   [0mSHOW FIELDS FROM `sites`[0m
  [4;36;1mSite Load (0.000410)[0m   [0;1mSELECT * FROM `sites` WHERE (`sites`.`id` = '1') LIMIT 1[0m
  [4;35;1mSite Load (0.000267)[0m   [0mSELECT * FROM `sites` WHERE (`sites`.`id` = '2') LIMIT 1[0m
  [4;36;1mCmodule Load (0.000810)[0m   [0;1mSELECT * FROM `cmodules` WHERE (cmodules.site_id = 1) [0m
  [4;35;1mCmodule Columns (0.001609)[0m   [0mSHOW FIELDS FROM `cmodules`[0m
  [4;36;1mCattribute Load (0.000644)[0m   [0;1mSELECT * FROM `cattributes` WHERE (cattributes.cmodule_id = 1) [0m
  [4;35;1mCattribute Columns (0.002024)[0m   [0mSHOW FIELDS FROM `cattributes`[0m
  [4;36;1mCattribute Load (0.001068)[0m   [0;1mSELECT * FROM `cattributes` WHERE (cattributes.cmodule_id = 2) [0m
  [4;35;1mCattribute Load (0.000385)[0m   [0mSELECT * FROM `cattributes` WHERE (cattributes.cmodule_id = 3) [0m
  [4;36;1mCattribute Load (0.000371)[0m   [0;1mSELECT * FROM `cattributes` WHERE (cattributes.cmodule_id = 4) [0m
  [4;35;1mCattribute Load (0.000309)[0m   [0mSELECT * FROM `cattributes` WHERE (cattributes.cmodule_id = 5) [0m
  [4;36;1mCattribute Load (0.000292)[0m   [0;1mSELECT * FROM `cattributes` WHERE (cattributes.cmodule_id = 6) [0m
  [4;35;1mCattribute Load (0.000329)[0m   [0mSELECT * FROM `cattributes` WHERE (cattributes.cmodule_id = 7) [0m
  [4;36;1mCattribute Load (0.000297)[0m   [0;1mSELECT * FROM `cattributes` WHERE (cattributes.cmodule_id = 8) [0m
  [4;35;1mCattribute Load (0.000285)[0m   [0mSELECT * FROM `cattributes` WHERE (cattributes.cmodule_id = 9) [0m
  [4;36;1mCattribute Load (0.000293)[0m   [0;1mSELECT * FROM `cattributes` WHERE (cattributes.cmodule_id = 10) [0m
  [4;35;1mCattribute Load (0.000286)[0m   [0mSELECT * FROM `cattributes` WHERE (cattributes.cmodule_id = 11) [0m
  [4;36;1mCattribute Load (0.000300)[0m   [0;1mSELECT * FROM `cattributes` WHERE (cattributes.cmodule_id = 12) [0m
  [4;35;1mCattribute Load (0.000326)[0m   [0mSELECT * FROM `cattributes` WHERE (cattributes.cmodule_id = 13) [0m
  [4;36;1mCattribute Load (0.000386)[0m   [0;1mSELECT * FROM `cattributes` WHERE (cattributes.cmodule_id = 14) [0m
  [4;35;1mCattribute Load (0.000308)[0m   [0mSELECT * FROM `cattributes` WHERE (cattributes.cmodule_id = 15) [0m
  [4;36;1mCattribute Load (0.000406)[0m   [0;1mSELECT * FROM `cattributes` WHERE (cattributes.cmodule_id = 16) [0m
  [4;35;1mCattribute Load (0.000327)[0m   [0mSELECT * FROM `cattributes` WHERE (cattributes.cmodule_id = 17) [0m
  [4;36;1mCattribute Load (0.000345)[0m   [0;1mSELECT * FROM `cattributes` WHERE (cattributes.cmodule_id = 18) [0m
  [4;35;1mCattribute Load (0.000365)[0m   [0mSELECT * FROM `cattributes` WHERE (cattributes.cmodule_id = 19) [0m
  [4;36;1mCattribute Load (0.000305)[0m   [0;1mSELECT * FROM `cattributes` WHERE (cattributes.cmodule_id = 20) [0m
  [4;35;1mCattribute Load (0.000362)[0m   [0mSELECT * FROM `cattributes` WHERE (cattributes.cmodule_id = 21) [0m
  [4;36;1mCattribute Load (0.000323)[0m   [0;1mSELECT * FROM `cattributes` WHERE (cattributes.cmodule_id = 22) [0m
  [4;35;1mCattribute Load (0.000348)[0m   [0mSELECT * FROM `cattributes` WHERE (cattributes.cmodule_id = 23) [0m
  [4;36;1mCattribute Load (0.000444)[0m   [0;1mSELECT * FROM `cattributes` WHERE (cattributes.cmodule_id = 24) [0m
  [4;35;1mCattribute Load (0.000343)[0m   [0mSELECT * FROM `cattributes` WHERE (cattributes.cmodule_id = 25) [0m
  [4;36;1mCattribute Load (0.000297)[0m   [0;1mSELECT * FROM `cattributes` WHERE (cattributes.cmodule_id = 26) [0m
  [4;35;1mCattribute Load (0.000306)[0m   [0mSELECT * FROM `cattributes` WHERE (cattributes.cmodule_id = 27) [0m
  [4;36;1mCattribute Load (0.000294)[0m   [0;1mSELECT * FROM `cattributes` WHERE (cattributes.cmodule_id = 28) [0m
  [4;35;1mCattribute Load (0.000311)[0m   [0mSELECT * FROM `cattributes` WHERE (cattributes.cmodule_id = 29) [0m
  [4;36;1mCattribute Load (0.000454)[0m   [0;1mSELECT * FROM `cattributes` WHERE (cattributes.cmodule_id = 30) [0m
  [4;35;1mCattribute Load (0.000426)[0m   [0mSELECT * FROM `cattributes` WHERE (cattributes.cmodule_id = 31) [0m
  [4;36;1mCattribute Load (0.000423)[0m   [0;1mSELECT * FROM `cattributes` WHERE (cattributes.cmodule_id = 32) [0m
  [4;35;1mCattribute Load (0.000308)[0m   [0mSELECT * FROM `cattributes` WHERE (cattributes.cmodule_id = 33) [0m
  [4;36;1mCattribute Load (0.000318)[0m   [0;1mSELECT * FROM `cattributes` WHERE (cattributes.cmodule_id = 34) [0m
  [4;35;1mCattribute Load (0.000303)[0m   [0mSELECT * FROM `cattributes` WHERE (cattributes.cmodule_id = 35) [0m
  [4;36;1mCattribute Load (0.000314)[0m   [0;1mSELECT * FROM `cattributes` WHERE (cattributes.cmodule_id = 36) [0m
  [4;35;1mCattribute Load (0.000397)[0m   [0mSELECT * FROM `cattributes` WHERE (cattributes.cmodule_id = 37) [0m
  [4;36;1mCattribute Load (0.000527)[0m   [0;1mSELECT * FROM `cattributes` WHERE (cattributes.cmodule_id = 38) [0m
  [4;35;1mCattribute Load (0.000295)[0m   [0mSELECT * FROM `cattributes` WHERE (cattributes.cmodule_id = 39) [0m
  [4;36;1mCattribute Load (0.000297)[0m   [0;1mSELECT * FROM `cattributes` WHERE (cattributes.cmodule_id = 40) [0m
  [4;35;1mCattribute Load (0.000287)[0m   [0mSELECT * FROM `cattributes` WHERE (cattributes.cmodule_id = 41) [0m
  [4;36;1mCattribute Load (0.000419)[0m   [0;1mSELECT * FROM `cattributes` WHERE (cattributes.cmodule_id = 42) [0m
  [4;35;1mCattribute Load (0.000321)[0m   [0mSELECT * FROM `cattributes` WHERE (cattributes.cmodule_id = 43) [0m
  [4;36;1mCattribute Load (0.000302)[0m   [0;1mSELECT * FROM `cattributes` WHERE (cattributes.cmodule_id = 44) [0m
  [4;35;1mCattribute Load (0.000306)[0m   [0mSELECT * FROM `cattributes` WHERE (cattributes.cmodule_id = 45) [0m
  [4;36;1mCattribute Load (0.000323)[0m   [0;1mSELECT * FROM `cattributes` WHERE (cattributes.cmodule_id = 46) [0m
  [4;35;1mCattribute Load (0.000314)[0m   [0mSELECT * FROM `cattributes` WHERE (cattributes.cmodule_id = 47) [0m
  [4;36;1mCattribute Load (0.000338)[0m   [0;1mSELECT * FROM `cattributes` WHERE (cattributes.cmodule_id = 48) [0m
  [4;35;1mCattribute Load (0.000307)[0m   [0mSELECT * FROM `cattributes` WHERE (cattributes.cmodule_id = 49) [0m
  [4;36;1mCattribute Load (0.000343)[0m   [0;1mSELECT * FROM `cattributes` WHERE (cattributes.cmodule_id = 50) [0m
  [4;35;1mCattribute Load (0.000380)[0m   [0mSELECT * FROM `cattributes` WHERE (cattributes.cmodule_id = 51) [0m
  [4;36;1mCattribute Load (0.000280)[0m   [0;1mSELECT * FROM `cattributes` WHERE (cattributes.cmodule_id = 52) [0m
  [4;35;1mCattribute Load (0.000856)[0m   [0mSELECT * FROM `cattributes` WHERE (cattributes.cmodule_id = 53) [0m
  [4;36;1mCattribute Load (0.001008)[0m   [0;1mSELECT * FROM `cattributes` WHERE (cattributes.cmodule_id = 54) [0m
  [4;35;1mCmodule Load (0.000389)[0m   [0mSELECT * FROM `cmodules` WHERE (cmodules.site_id = 2) [0m
  [4;36;1mSQL (0.000158)[0m   [0;1mSET SQL_AUTO_IS_NULL=0[0m
  [4;35;1mSite Columns (0.002506)[0m   [0mSHOW FIELDS FROM `sites`[0m
  [4;36;1mSite Load (0.032696)[0m   [0;1mSELECT * FROM `sites` WHERE (`sites`.`id` = '193') LIMIT 1[0m
  [4;35;1mSite Load (0.012415)[0m   [0mSELECT * FROM `sites` WHERE (`sites`.`id` = '1075') LIMIT 1[0m
  [4;36;1mCmodule Load (0.003635)[0m   [0;1mSELECT * FROM `cmodules` WHERE (cmodules.site_id = 193) [0m
  [4;35;1mCmodule Columns (0.001895)[0m   [0mSHOW FIELDS FROM `cmodules`[0m
  [4;36;1mCattribute Load (0.033650)[0m   [0;1mSELECT * FROM `cattributes` WHERE (cattributes.cmodule_id = 5832) [0m
  [4;35;1mCattribute Columns (0.002131)[0m   [0mSHOW FIELDS FROM `cattributes`[0m
  [4;36;1mCattribute Load (0.007470)[0m   [0;1mSELECT * FROM `cattributes` WHERE (cattributes.cmodule_id = 5872) [0m
  [4;35;1mCattribute Load (0.009089)[0m   [0mSELECT * FROM `cattributes` WHERE (cattributes.cmodule_id = 5987) [0m
  [4;36;1mCattribute Load (0.001271)[0m   [0;1mSELECT * FROM `cattributes` WHERE (cattributes.cmodule_id = 6006) [0m
  [4;35;1mCattribute Load (0.001169)[0m   [0mSELECT * FROM `cattributes` WHERE (cattributes.cmodule_id = 6074) [0m
  [4;36;1mCattribute Load (0.039447)[0m   [0;1mSELECT * FROM `cattributes` WHERE (cattributes.cmodule_id = 6090) [0m
  [4;35;1mCattribute Load (0.000458)[0m   [0mSELECT * FROM `cattributes` WHERE (cattributes.cmodule_id = 6093) [0m
  [4;36;1mCattribute Load (0.000392)[0m   [0;1mSELECT * FROM `cattributes` WHERE (cattributes.cmodule_id = 6095) [0m
  [4;35;1mCattribute Load (0.000339)[0m   [0mSELECT * FROM `cattributes` WHERE (cattributes.cmodule_id = 6097) [0m
  [4;36;1mCattribute Load (0.000343)[0m   [0;1mSELECT * FROM `cattributes` WHERE (cattributes.cmodule_id = 6101) [0m
  [4;35;1mCattribute Load (0.000343)[0m   [0mSELECT * FROM `cattributes` WHERE (cattributes.cmodule_id = 6106) [0m
  [4;36;1mCattribute Load (0.000574)[0m   [0;1mSELECT * FROM `cattributes` WHERE (cattributes.cmodule_id = 6111) [0m
  [4;35;1mCattribute Load (0.000385)[0m   [0mSELECT * FROM `cattributes` WHERE (cattributes.cmodule_id = 6134) [0m
  [4;36;1mCattribute Load (0.000597)[0m   [0;1mSELECT * FROM `cattributes` WHERE (cattributes.cmodule_id = 6142) [0m
  [4;35;1mCattribute Load (0.000636)[0m   [0mSELECT * FROM `cattributes` WHERE (cattributes.cmodule_id = 6145) [0m
  [4;36;1mCattribute Load (0.000371)[0m   [0;1mSELECT * FROM `cattributes` WHERE (cattributes.cmodule_id = 6158) [0m
  [4;35;1mCattribute Load (0.000326)[0m   [0mSELECT * FROM `cattributes` WHERE (cattributes.cmodule_id = 6163) [0m
  [4;36;1mCattribute Load (0.000397)[0m   [0;1mSELECT * FROM `cattributes` WHERE (cattributes.cmodule_id = 6164) [0m
  [4;35;1mCattribute Load (0.000392)[0m   [0mSELECT * FROM `cattributes` WHERE (cattributes.cmodule_id = 6169) [0m
  [4;36;1mCattribute Load (0.000671)[0m   [0;1mSELECT * FROM `cattributes` WHERE (cattributes.cmodule_id = 6173) [0m
  [4;35;1mCattribute Load (0.000829)[0m   [0mSELECT * FROM `cattributes` WHERE (cattributes.cmodule_id = 6188) [0m
  [4;36;1mCattribute Load (0.000777)[0m   [0;1mSELECT * FROM `cattributes` WHERE (cattributes.cmodule_id = 6191) [0m
  [4;35;1mCattribute Load (0.000656)[0m   [0mSELECT * FROM `cattributes` WHERE (cattributes.cmodule_id = 6194) [0m
  [4;36;1mCattribute Load (0.000355)[0m   [0;1mSELECT * FROM `cattributes` WHERE (cattributes.cmodule_id = 6218) [0m
  [4;35;1mCattribute Load (0.000342)[0m   [0mSELECT * FROM `cattributes` WHERE (cattributes.cmodule_id = 6220) [0m
  [4;36;1mCattribute Load (0.000337)[0m   [0;1mSELECT * FROM `cattributes` WHERE (cattributes.cmodule_id = 6221) [0m
  [4;35;1mCattribute Load (0.000527)[0m   [0mSELECT * FROM `cattributes` WHERE (cattributes.cmodule_id = 6222) [0m
  [4;36;1mCattribute Load (0.000687)[0m   [0;1mSELECT * FROM `cattributes` WHERE (cattributes.cmodule_id = 6234) [0m
  [4;35;1mCattribute Load (0.000316)[0m   [0mSELECT * FROM `cattributes` WHERE (cattributes.cmodule_id = 6236) [0m
  [4;36;1mCattribute Load (0.000743)[0m   [0;1mSELECT * FROM `cattributes` WHERE (cattributes.cmodule_id = 6241) [0m
  [4;35;1mCattribute Load (0.000626)[0m   [0mSELECT * FROM `cattributes` WHERE (cattributes.cmodule_id = 6282) [0m
  [4;36;1mCattribute Load (0.003025)[0m   [0;1mSELECT * FROM `cattributes` WHERE (cattributes.cmodule_id = 6309) [0m
  [4;35;1mCattribute Load (0.000645)[0m   [0mSELECT * FROM `cattributes` WHERE (cattributes.cmodule_id = 6439) [0m
  [4;36;1mCattribute Load (0.001109)[0m   [0;1mSELECT * FROM `cattributes` WHERE (cattributes.cmodule_id = 6444) [0m
  [4;35;1mCattribute Load (0.000552)[0m   [0mSELECT * FROM `cattributes` WHERE (cattributes.cmodule_id = 6506) [0m
  [4;36;1mCattribute Load (0.000343)[0m   [0;1mSELECT * FROM `cattributes` WHERE (cattributes.cmodule_id = 6511) [0m
  [4;35;1mCattribute Load (0.000363)[0m   [0mSELECT * FROM `cattributes` WHERE (cattributes.cmodule_id = 6513) [0m
  [4;36;1mCattribute Load (0.000328)[0m   [0;1mSELECT * FROM `cattributes` WHERE (cattributes.cmodule_id = 6519) [0m
  [4;35;1mCattribute Load (0.000324)[0m   [0mSELECT * FROM `cattributes` WHERE (cattributes.cmodule_id = 6527) [0m
  [4;36;1mCattribute Load (0.000491)[0m   [0;1mSELECT * FROM `cattributes` WHERE (cattributes.cmodule_id = 6530) [0m
  [4;35;1mCattribute Load (0.000358)[0m   [0mSELECT * FROM `cattributes` WHERE (cattributes.cmodule_id = 6541) [0m
  [4;36;1mCattribute Load (0.001415)[0m   [0;1mSELECT * FROM `cattributes` WHERE (cattributes.cmodule_id = 6548) [0m
  [4;35;1mCmodule Load (0.013606)[0m   [0mSELECT * FROM `cmodules` WHERE (cmodules.site_id = 1075) [0m
  [4;36;1mSQL (0.000137)[0m   [0;1mSET SQL_AUTO_IS_NULL=0[0m
  [4;35;1mSite Columns (0.002510)[0m   [0mSHOW FIELDS FROM `sites`[0m
  [4;36;1mSite Load (0.000378)[0m   [0;1mSELECT * FROM `sites` WHERE (`sites`.`id` = '193') LIMIT 1[0m
  [4;35;1mSite Load (0.000245)[0m   [0mSELECT * FROM `sites` WHERE (`sites`.`id` = '1075') LIMIT 1[0m
  [4;36;1mCmodule Load (0.001072)[0m   [0;1mSELECT * FROM `cmodules` WHERE (cmodules.site_id = 193) [0m
  [4;35;1mCmodule Columns (0.001779)[0m   [0mSHOW FIELDS FROM `cmodules`[0m
  [4;36;1mCmodule Load (0.000425)[0m   [0;1mSELECT * FROM `cmodules` WHERE (cmodules.site_id = 1075) [0m
  [4;36;1mSQL (0.000147)[0m   [0;1mSET SQL_AUTO_IS_NULL=0[0m
  [4;35;1mSite Columns (0.002738)[0m   [0mSHOW FIELDS FROM `sites`[0m
  [4;36;1mSite Load (0.000605)[0m   [0;1mSELECT * FROM `sites` WHERE (`sites`.`id` = '193') LIMIT 1[0m
  [4;35;1mSite Load (0.000273)[0m   [0mSELECT * FROM `sites` WHERE (`sites`.`id` = '1075') LIMIT 1[0m
  [4;36;1mCmodule Load (0.000799)[0m   [0;1mSELECT * FROM `cmodules` WHERE (cmodules.site_id = 193) [0m
  [4;35;1mCmodule Columns (0.001761)[0m   [0mSHOW FIELDS FROM `cmodules`[0m
  [4;36;1mCattribute Load (0.000676)[0m   [0;1mSELECT * FROM `cattributes` WHERE (cattributes.cmodule_id = 5832) [0m
  [4;35;1mCattribute Columns (0.001934)[0m   [0mSHOW FIELDS FROM `cattributes`[0m
  [4;36;1mCattribute Load (0.001348)[0m   [0;1mSELECT * FROM `cattributes` WHERE (cattributes.cmodule_id = 5872) [0m
  [4;35;1mCattribute Load (0.000656)[0m   [0mSELECT * FROM `cattributes` WHERE (cattributes.cmodule_id = 5987) [0m
  [4;36;1mCattribute Load (0.001334)[0m   [0;1mSELECT * FROM `cattributes` WHERE (cattributes.cmodule_id = 6006) [0m
  [4;35;1mCattribute Load (0.000660)[0m   [0mSELECT * FROM `cattributes` WHERE (cattributes.cmodule_id = 6074) [0m
  [4;36;1mCattribute Load (0.000500)[0m   [0;1mSELECT * FROM `cattributes` WHERE (cattributes.cmodule_id = 6090) [0m
  [4;35;1mCattribute Load (0.000374)[0m   [0mSELECT * FROM `cattributes` WHERE (cattributes.cmodule_id = 6093) [0m
  [4;36;1mCattribute Load (0.000290)[0m   [0;1mSELECT * FROM `cattributes` WHERE (cattributes.cmodule_id = 6095) [0m
  [4;35;1mCattribute Load (0.000312)[0m   [0mSELECT * FROM `cattributes` WHERE (cattributes.cmodule_id = 6097) [0m
  [4;36;1mCattribute Load (0.000309)[0m   [0;1mSELECT * FROM `cattributes` WHERE (cattributes.cmodule_id = 6101) [0m
  [4;35;1mCattribute Load (0.000318)[0m   [0mSELECT * FROM `cattributes` WHERE (cattributes.cmodule_id = 6106) [0m
  [4;36;1mCattribute Load (0.000462)[0m   [0;1mSELECT * FROM `cattributes` WHERE (cattributes.cmodule_id = 6111) [0m
  [4;35;1mCattribute Load (0.000343)[0m   [0mSELECT * FROM `cattributes` WHERE (cattributes.cmodule_id = 6134) [0m
  [4;36;1mCattribute Load (0.000272)[0m   [0;1mSELECT * FROM `cattributes` WHERE (cattributes.cmodule_id = 6142) [0m
  [4;35;1mCattribute Load (0.000337)[0m   [0mSELECT * FROM `cattributes` WHERE (cattributes.cmodule_id = 6145) [0m
  [4;36;1mCattribute Load (0.000272)[0m   [0;1mSELECT * FROM `cattributes` WHERE (cattributes.cmodule_id = 6158) [0m
  [4;35;1mCattribute Load (0.000276)[0m   [0mSELECT * FROM `cattributes` WHERE (cattributes.cmodule_id = 6163) [0m
  [4;36;1mCattribute Load (0.000304)[0m   [0;1mSELECT * FROM `cattributes` WHERE (cattributes.cmodule_id = 6164) [0m
  [4;35;1mCattribute Load (0.000264)[0m   [0mSELECT * FROM `cattributes` WHERE (cattributes.cmodule_id = 6169) [0m
  [4;36;1mCattribute Load (0.000376)[0m   [0;1mSELECT * FROM `cattributes` WHERE (cattributes.cmodule_id = 6173) [0m
  [4;35;1mCattribute Load (0.000317)[0m   [0mSELECT * FROM `cattributes` WHERE (cattributes.cmodule_id = 6188) [0m
  [4;36;1mCattribute Load (0.000282)[0m   [0;1mSELECT * FROM `cattributes` WHERE (cattributes.cmodule_id = 6191) [0m
  [4;35;1mCattribute Load (0.000393)[0m   [0mSELECT * FROM `cattributes` WHERE (cattributes.cmodule_id = 6194) [0m
  [4;36;1mCattribute Load (0.000315)[0m   [0;1mSELECT * FROM `cattributes` WHERE (cattributes.cmodule_id = 6218) [0m
  [4;35;1mCattribute Load (0.000272)[0m   [0mSELECT * FROM `cattributes` WHERE (cattributes.cmodule_id = 6220) [0m
  [4;36;1mCattribute Load (0.000267)[0m   [0;1mSELECT * FROM `cattributes` WHERE (cattributes.cmodule_id = 6221) [0m
  [4;35;1mCattribute Load (0.000343)[0m   [0mSELECT * FROM `cattributes` WHERE (cattributes.cmodule_id = 6222) [0m
  [4;36;1mCattribute Load (0.000265)[0m   [0;1mSELECT * FROM `cattributes` WHERE (cattributes.cmodule_id = 6234) [0m
  [4;35;1mCattribute Load (0.000278)[0m   [0mSELECT * FROM `cattributes` WHERE (cattributes.cmodule_id = 6236) [0m
  [4;36;1mCattribute Load (0.000450)[0m   [0;1mSELECT * FROM `cattributes` WHERE (cattributes.cmodule_id = 6241) [0m
  [4;35;1mCattribute Load (0.000551)[0m   [0mSELECT * FROM `cattributes` WHERE (cattributes.cmodule_id = 6282) [0m
  [4;36;1mCattribute Load (0.000986)[0m   [0;1mSELECT * FROM `cattributes` WHERE (cattributes.cmodule_id = 6309) [0m
  [4;35;1mCattribute Load (0.000450)[0m   [0mSELECT * FROM `cattributes` WHERE (cattributes.cmodule_id = 6439) [0m
  [4;36;1mCattribute Load (0.000643)[0m   [0;1mSELECT * FROM `cattributes` WHERE (cattributes.cmodule_id = 6444) [0m
  [4;35;1mCattribute Load (0.000451)[0m   [0mSELECT * FROM `cattributes` WHERE (cattributes.cmodule_id = 6506) [0m
  [4;36;1mCattribute Load (0.000351)[0m   [0;1mSELECT * FROM `cattributes` WHERE (cattributes.cmodule_id = 6511) [0m
  [4;35;1mCattribute Load (0.000433)[0m   [0mSELECT * FROM `cattributes` WHERE (cattributes.cmodule_id = 6513) [0m
  [4;36;1mCattribute Load (0.000414)[0m   [0;1mSELECT * FROM `cattributes` WHERE (cattributes.cmodule_id = 6519) [0m
  [4;35;1mCattribute Load (0.000322)[0m   [0mSELECT * FROM `cattributes` WHERE (cattributes.cmodule_id = 6527) [0m
  [4;36;1mCattribute Load (0.000322)[0m   [0;1mSELECT * FROM `cattributes` WHERE (cattributes.cmodule_id = 6530) [0m
  [4;35;1mCattribute Load (0.000308)[0m   [0mSELECT * FROM `cattributes` WHERE (cattributes.cmodule_id = 6541) [0m
  [4;36;1mCattribute Load (0.000721)[0m   [0;1mSELECT * FROM `cattributes` WHERE (cattributes.cmodule_id = 6548) [0m
  [4;35;1mCmodule Load (0.000313)[0m   [0mSELECT * FROM `cmodules` WHERE (cmodules.site_id = 1075) [0m
  [4;36;1mSQL (0.000157)[0m   [0;1mSET SQL_AUTO_IS_NULL=0[0m
  [4;35;1mSite Columns (0.002179)[0m   [0mSHOW FIELDS FROM `sites`[0m
  [4;36;1mSite Load (0.001385)[0m   [0;1mSELECT * FROM `sites` WHERE (`sites`.`id` = '193') LIMIT 1[0m
  [4;35;1mSite Load (0.000239)[0m   [0mSELECT * FROM `sites` WHERE (`sites`.`id` = '1075') LIMIT 1[0m
  [4;36;1mCmodule Load (0.000951)[0m   [0;1mSELECT * FROM `cmodules` WHERE (cmodules.site_id = 193) [0m
  [4;35;1mCmodule Columns (0.001579)[0m   [0mSHOW FIELDS FROM `cmodules`[0m
  [4;36;1mCattribute Load (0.001598)[0m   [0;1mSELECT * FROM `cattributes` WHERE (cattributes.cmodule_id = 5832) [0m
  [4;35;1mCattribute Columns (0.001710)[0m   [0mSHOW FIELDS FROM `cattributes`[0m
  [4;36;1mCattribute Load (0.002442)[0m   [0;1mSELECT * FROM `cattributes` WHERE (cattributes.cmodule_id = 5872) [0m
  [4;35;1mCattribute Load (0.000563)[0m   [0mSELECT * FROM `cattributes` WHERE (cattributes.cmodule_id = 5987) [0m
  [4;36;1mCattribute Load (0.000768)[0m   [0;1mSELECT * FROM `cattributes` WHERE (cattributes.cmodule_id = 6006) [0m
  [4;35;1mCattribute Load (0.000595)[0m   [0mSELECT * FROM `cattributes` WHERE (cattributes.cmodule_id = 6074) [0m
  [4;36;1mCattribute Load (0.000373)[0m   [0;1mSELECT * FROM `cattributes` WHERE (cattributes.cmodule_id = 6090) [0m
  [4;35;1mCattribute Load (0.000341)[0m   [0mSELECT * FROM `cattributes` WHERE (cattributes.cmodule_id = 6093) [0m
  [4;36;1mCattribute Load (0.002736)[0m   [0;1mSELECT * FROM `cattributes` WHERE (cattributes.cmodule_id = 6095) [0m
  [4;35;1mCattribute Load (0.000390)[0m   [0mSELECT * FROM `cattributes` WHERE (cattributes.cmodule_id = 6097) [0m
  [4;36;1mCattribute Load (0.000350)[0m   [0;1mSELECT * FROM `cattributes` WHERE (cattributes.cmodule_id = 6101) [0m
  [4;35;1mCattribute Load (0.000585)[0m   [0mSELECT * FROM `cattributes` WHERE (cattributes.cmodule_id = 6106) [0m
  [4;36;1mCattribute Load (0.000451)[0m   [0;1mSELECT * FROM `cattributes` WHERE (cattributes.cmodule_id = 6111) [0m
  [4;35;1mCattribute Load (0.000640)[0m   [0mSELECT * FROM `cattributes` WHERE (cattributes.cmodule_id = 6134) [0m
  [4;36;1mCattribute Load (0.000353)[0m   [0;1mSELECT * FROM `cattributes` WHERE (cattributes.cmodule_id = 6142) [0m
  [4;35;1mCattribute Load (0.000412)[0m   [0mSELECT * FROM `cattributes` WHERE (cattributes.cmodule_id = 6145) [0m
  [4;36;1mCattribute Load (0.000432)[0m   [0;1mSELECT * FROM `cattributes` WHERE (cattributes.cmodule_id = 6158) [0m
  [4;35;1mCattribute Load (0.000347)[0m   [0mSELECT * FROM `cattributes` WHERE (cattributes.cmodule_id = 6163) [0m
  [4;36;1mCattribute Load (0.000341)[0m   [0;1mSELECT * FROM `cattributes` WHERE (cattributes.cmodule_id = 6164) [0m
  [4;35;1mCattribute Load (0.000293)[0m   [0mSELECT * FROM `cattributes` WHERE (cattributes.cmodule_id = 6169) [0m
  [4;36;1mCattribute Load (0.000387)[0m   [0;1mSELECT * FROM `cattributes` WHERE (cattributes.cmodule_id = 6173) [0m
  [4;35;1mCattribute Load (0.000329)[0m   [0mSELECT * FROM `cattributes` WHERE (cattributes.cmodule_id = 6188) [0m
  [4;36;1mCattribute Load (0.000273)[0m   [0;1mSELECT * FROM `cattributes` WHERE (cattributes.cmodule_id = 6191) [0m
  [4;35;1mCattribute Load (0.000392)[0m   [0mSELECT * FROM `cattributes` WHERE (cattributes.cmodule_id = 6194) [0m
  [4;36;1mCattribute Load (0.000289)[0m   [0;1mSELECT * FROM `cattributes` WHERE (cattributes.cmodule_id = 6218) [0m
  [4;35;1mCattribute Load (0.000267)[0m   [0mSELECT * FROM `cattributes` WHERE (cattributes.cmodule_id = 6220) [0m
  [4;36;1mCattribute Load (0.000266)[0m   [0;1mSELECT * FROM `cattributes` WHERE (cattributes.cmodule_id = 6221) [0m
  [4;35;1mCattribute Load (0.000377)[0m   [0mSELECT * FROM `cattributes` WHERE (cattributes.cmodule_id = 6222) [0m
  [4;36;1mCattribute Load (0.000285)[0m   [0;1mSELECT * FROM `cattributes` WHERE (cattributes.cmodule_id = 6234) [0m
  [4;35;1mCattribute Load (0.000298)[0m   [0mSELECT * FROM `cattributes` WHERE (cattributes.cmodule_id = 6236) [0m
  [4;36;1mCattribute Load (0.000458)[0m   [0;1mSELECT * FROM `cattributes` WHERE (cattributes.cmodule_id = 6241) [0m
  [4;35;1mCattribute Load (0.000388)[0m   [0mSELECT * FROM `cattributes` WHERE (cattributes.cmodule_id = 6282) [0m
  [4;36;1mCattribute Load (0.000912)[0m   [0;1mSELECT * FROM `cattributes` WHERE (cattributes.cmodule_id = 6309) [0m
  [4;35;1mCattribute Load (0.000485)[0m   [0mSELECT * FROM `cattributes` WHERE (cattributes.cmodule_id = 6439) [0m
  [4;36;1mCattribute Load (0.000706)[0m   [0;1mSELECT * FROM `cattributes` WHERE (cattributes.cmodule_id = 6444) [0m
  [4;35;1mCattribute Load (0.000654)[0m   [0mSELECT * FROM `cattributes` WHERE (cattributes.cmodule_id = 6506) [0m
  [4;36;1mCattribute Load (0.000380)[0m   [0;1mSELECT * FROM `cattributes` WHERE (cattributes.cmodule_id = 6511) [0m
  [4;35;1mCattribute Load (0.000298)[0m   [0mSELECT * FROM `cattributes` WHERE (cattributes.cmodule_id = 6513) [0m
  [4;36;1mCattribute Load (0.000305)[0m   [0;1mSELECT * FROM `cattributes` WHERE (cattributes.cmodule_id = 6519) [0m
  [4;35;1mCattribute Load (0.000282)[0m   [0mSELECT * FROM `cattributes` WHERE (cattributes.cmodule_id = 6527) [0m
  [4;36;1mCattribute Load (0.000308)[0m   [0;1mSELECT * FROM `cattributes` WHERE (cattributes.cmodule_id = 6530) [0m
  [4;35;1mCattribute Load (0.000301)[0m   [0mSELECT * FROM `cattributes` WHERE (cattributes.cmodule_id = 6541) [0m
  [4;36;1mCattribute Load (0.000839)[0m   [0;1mSELECT * FROM `cattributes` WHERE (cattributes.cmodule_id = 6548) [0m
  [4;35;1mCmodule Load (0.000375)[0m   [0mSELECT * FROM `cmodules` WHERE (cmodules.site_id = 1075) [0m
  [4;36;1mSQL (0.000136)[0m   [0;1mSET SQL_AUTO_IS_NULL=0[0m
  [4;35;1mSite Columns (0.002578)[0m   [0mSHOW FIELDS FROM `sites`[0m
  [4;36;1mSite Load (0.000370)[0m   [0;1mSELECT * FROM `sites` WHERE (`sites`.`id` = '193') LIMIT 1[0m
  [4;35;1mSite Load (0.000248)[0m   [0mSELECT * FROM `sites` WHERE (`sites`.`id` = '1075') LIMIT 1[0m
  [4;36;1mCmodule Load (0.000936)[0m   [0;1mSELECT * FROM `cmodules` WHERE (cmodules.site_id = 193) [0m
  [4;35;1mCmodule Columns (0.001869)[0m   [0mSHOW FIELDS FROM `cmodules`[0m
  [4;36;1mCmodule Load (0.000407)[0m   [0;1mSELECT * FROM `cmodules` WHERE (cmodules.site_id = 1075) [0m
  [4;36;1mSQL (0.000154)[0m   [0;1mSET SQL_AUTO_IS_NULL=0[0m
  [4;35;1mSite Columns (0.002697)[0m   [0mSHOW FIELDS FROM `sites`[0m
  [4;36;1mSite Load (0.049964)[0m   [0;1mSELECT * FROM `sites` WHERE (`sites`.`id` = '1217') LIMIT 1[0m
  [4;35;1mSite Load (0.010175)[0m   [0mSELECT * FROM `sites` WHERE (`sites`.`id` = '3107') LIMIT 1[0m
  [4;36;1mCmodule Load (0.022985)[0m   [0;1mSELECT * FROM `cmodules` WHERE (cmodules.site_id = 1217) [0m
  [4;35;1mCmodule Columns (0.004048)[0m   [0mSHOW FIELDS FROM `cmodules`[0m
  [4;36;1mCmodule Load (0.060670)[0m   [0;1mSELECT * FROM `cmodules` WHERE (cmodules.site_id = 3107) [0m
  [4;36;1mSQL (0.000133)[0m   [0;1mSET SQL_AUTO_IS_NULL=0[0m
  [4;35;1mSite Columns (0.002623)[0m   [0mSHOW FIELDS FROM `sites`[0m
  [4;36;1mSite Load (0.000354)[0m   [0;1mSELECT * FROM `sites` WHERE (`sites`.`id` = '1217') LIMIT 1[0m
  [4;35;1mSite Load (0.000242)[0m   [0mSELECT * FROM `sites` WHERE (`sites`.`id` = '3107') LIMIT 1[0m
  [4;36;1mCmodule Load (0.001283)[0m   [0;1mSELECT * FROM `cmodules` WHERE (cmodules.site_id = 1217) [0m
  [4;35;1mCmodule Columns (0.001904)[0m   [0mSHOW FIELDS FROM `cmodules`[0m
  [4;36;1mCmodule Load (0.001234)[0m   [0;1mSELECT * FROM `cmodules` WHERE (cmodules.site_id = 3107) [0m
  [4;36;1mSQL (0.000132)[0m   [0;1mSET SQL_AUTO_IS_NULL=0[0m
  [4;35;1mSite Columns (0.002687)[0m   [0mSHOW FIELDS FROM `sites`[0m
  [4;36;1mSite Load (0.075177)[0m   [0;1mSELECT * FROM `sites` WHERE (`sites`.`id` = '1645') LIMIT 1[0m
  [4;35;1mSite Load (0.008249)[0m   [0mSELECT * FROM `sites` WHERE (`sites`.`id` = '1487') LIMIT 1[0m
  [4;36;1mCmodule Load (0.024115)[0m   [0;1mSELECT * FROM `cmodules` WHERE (cmodules.site_id = 1645) [0m
  [4;35;1mCmodule Columns (0.006099)[0m   [0mSHOW FIELDS FROM `cmodules`[0m
  [4;36;1mCmodule Load (0.028908)[0m   [0;1mSELECT * FROM `cmodules` WHERE (cmodules.site_id = 1487) [0m
  [4;36;1mSQL (0.019808)[0m   [0;1mSET SQL_AUTO_IS_NULL=0[0m
  [4;35;1mSQL (0.000000)[0m   [0mMysql::Error: Table 'schema_info' already exists: CREATE TABLE `schema_info` (version int(11))[0m
  [4;36;1mSQL (0.000000)[0m   [0;1mMysql::Error: Table 'schema_info' already exists: CREATE TABLE `schema_info` (version int(11))[0m
  [4;35;1mSQL (0.025124)[0m   [0mSELECT version FROM schema_info[0m
  [4;36;1mSQL (0.000211)[0m   [0;1mSELECT version FROM schema_info[0m
  [4;35;1mSQL (0.000151)[0m   [0mSELECT version FROM schema_info[0m
  [4;36;1mSQL (0.000129)[0m   [0;1mSELECT version FROM schema_info[0m
  [4;35;1mSQL (0.000134)[0m   [0mSELECT version FROM schema_info[0m
Migrating to CreateSmedges (6)
  [4;36;1mSQL (0.100660)[0m   [0;1mCREATE TABLE `smedges` (`id` int(11) DEFAULT NULL auto_increment PRIMARY KEY, `in_site_id` int(11) DEFAULT NULL, `out_site_id` int(11) DEFAULT NULL, `common` int(11) DEFAULT NULL) ENGINE=InnoDB[0m
  [4;35;1mSQL (0.024097)[0m   [0mUPDATE schema_info SET version = 6[0m
  [4;36;1mSQL (0.000450)[0m   [0;1mSELECT version FROM schema_info[0m
Migrating to AddModuleCountToSites (8)
  [4;35;1mSQL (0.813934)[0m   [0mALTER TABLE `sites` ADD `m_count` int(11)[0m
  [4;36;1mSQL (0.000505)[0m   [0;1mUPDATE schema_info SET version = 8[0m
  [4;35;1mSQL (0.000201)[0m   [0mSELECT version FROM schema_info[0m
Migrating to AddIndexToSedges (9)
  [4;36;1mSQL (337.240350)[0m   [0;1mCREATE INDEX `index_medges_on_in_site_id` ON `medges` (`in_site_id`)[0m
  [4;36;1mSQL (0.000174)[0m   [0;1mSET SQL_AUTO_IS_NULL=0[0m
  [4;35;1mSQL (0.000000)[0m   [0mMysql::Error: Table 'schema_info' already exists: CREATE TABLE `schema_info` (version int(11))[0m
  [4;36;1mSQL (0.000000)[0m   [0;1mMysql::Error: Table 'schema_info' already exists: CREATE TABLE `schema_info` (version int(11))[0m
  [4;35;1mSQL (0.030088)[0m   [0mSELECT version FROM schema_info[0m
  [4;36;1mSQL (0.000505)[0m   [0;1mSELECT version FROM schema_info[0m
  [4;35;1mSQL (0.000159)[0m   [0mSELECT version FROM schema_info[0m
  [4;36;1mSQL (0.000133)[0m   [0;1mSELECT version FROM schema_info[0m
  [4;35;1mSQL (0.000145)[0m   [0mSELECT version FROM schema_info[0m
  [4;36;1mSQL (0.000144)[0m   [0;1mSELECT version FROM schema_info[0m
  [4;35;1mSQL (0.000136)[0m   [0mSELECT version FROM schema_info[0m
Migrating to AddIndexToSedges (9)
  [4;35;1mSQL (0.000000)[0m   [0mMysql::Error: The table '#sql-b3_cc' is full: CREATE INDEX `index_medges_on_out_site_id` ON `medges` (`out_site_id`)[0m
  [4;36;1mSQL (0.000000)[0m   [0;1mMysql::Error: Duplicate key name 'index_medges_on_in_site_id': CREATE INDEX `index_medges_on_in_site_id` ON `medges` (`in_site_id`)[0m
